002_S_0295,20060418,1.5
002_S_0413,20060502,1.5
002_S_0559,20060523,1.5
002_S_0619,20060601,1.5
002_S_0685,20060706,1.5
002_S_0729,20060717,1.5
002_S_0782,20060814,1.5
002_S_0816,20060830,1.5
002_S_0938,20061005,1.5
002_S_0954,20061010,1.5
002_S_0955,20061011,1.5
002_S_1018,20061129,1.5
002_S_1070,20061128,1.5
002_S_1155,20061214,1.5
002_S_1261,20070215,1.5
002_S_1268,20070214,1.5
002_S_1280,20070213,1.5
002_S_2010,20100624,3.
002_S_2043,20100831,3.
002_S_2073,20100907,3.
002_S_4171,20110808,3.
002_S_4213,20110902,3.
002_S_4219,20110914,3.
002_S_4225,20110921,3.
002_S_4229,20110921,3.
002_S_4237,20110926,3.
002_S_4251,20110926,3.
002_S_4262,20111005,3.
002_S_4264,20111005,3.
002_S_4270,20111011,3.
002_S_4447,20120117,3.
002_S_4473,20120210,3.
002_S_4521,20120217,3.
002_S_4654,20120405,3.
002_S_4746,20120529,3.
002_S_4799,20120621,3.
002_S_5018,20121108,3.
002_S_5178,20130516,3.
002_S_5230,20130627,3.
002_S_5256,20130715,3.
003_S_0907,20060911,1.4939999580383
003_S_0908,20060912,1.4939999580383
003_S_0931,20061011,1.4939999580383
003_S_0981,20061019,1.4939999580383
003_S_1021,20061101,1.4939999580383
003_S_1057,20061204,1.5
003_S_1059,20061109,1.4939999580383
003_S_1074,20061204,1.5
003_S_1122,20061206,1.5
003_S_1257,20070301,1.5
003_S_4081,20110705,3.
003_S_4119,20110809,3.
003_S_4136,20110810,3.
003_S_4152,20110830,3.
003_S_4288,20111020,3.
003_S_4350,20111109,3.
003_S_4354,20111219,3.
003_S_4373,20111215,3.
003_S_4441,20120103,3.
003_S_4524,20120223,3.
003_S_4555,20120305,3.
003_S_4644,20120419,3.
003_S_4872,20120802,3.
003_S_4892,20120823,3.
003_S_4900,20120815,3.
003_S_5130,20130411,3.
003_S_5150,20130524,3.
003_S_5154,20130430,3.
003_S_5165,20130516,3.
003_S_5187,20130607,3.
003_S_5209,20130709,3.
005_S_0221,20060222,1.5
005_S_0222,20060221,1.5
005_S_0223,20060228,1.5
005_S_0324,20060330,1.5
005_S_0448,20060504,1.5
005_S_0546,20060615,1.5
005_S_0553,20060614,1.5
005_S_0572,20060620,1.5
005_S_0602,20060629,1.5
005_S_0610,20060621,1.5
005_S_0814,20060830,1.5
005_S_0929,20061002,1.5
005_S_1224,20070123,1.5
005_S_1341,20070307,1.5
005_S_4168,20110817,3.
005_S_4185,20110912,3.
005_S_4707,20120515,3.
005_S_4910,20120921,3.
005_S_5038,20121213,3.
005_S_5119,20130328,3.
006_S_0322,20060620,1.5
006_S_0484,20060621,1.5
006_S_0498,20060626,1.5
006_S_0521,20060627,1.5
006_S_0547,20060629,1.5
006_S_0653,20060705,1.5
006_S_0675,20060831,1.5
006_S_0681,20060831,1.5
006_S_0731,20060828,1.5
006_S_1130,20061130,1.5
006_S_4150,20111107,3.
006_S_4153,20111104,3.
006_S_4192,20110927,3.
006_S_4346,20111110,3.
006_S_4357,20111128,3.
006_S_4363,20111116,3.
006_S_4449,20120119,3.
006_S_4485,20120201,3.
006_S_4515,20120207,3.
006_S_4546,20120305,3.
006_S_4679,20120601,3.
006_S_4713,20120514,3.
006_S_4867,20120807,3.
006_S_4960,20121009,3.
006_S_5153,20130422,3.
007_S_0041,20051021,1.5
007_S_0068,20051130,1.5
007_S_0070,20060118,1.5
007_S_0101,20051220,1.5
007_S_0128,20060116,1.5
007_S_0249,20060302,1.5
007_S_0293,20060314,1.5
007_S_0316,20060329,1.5
007_S_0344,20060331,1.5
007_S_0414,20060522,1.5
007_S_0698,20060707,1.5
007_S_1206,20070117,1.5
007_S_1222,20070119,1.5
007_S_1248,20070125,1.5
007_S_1304,20070213,1.5
007_S_1339,20070222,1.5
007_S_4272,20111017,3.
007_S_4387,20111205,3.
007_S_4467,20120123,3.
007_S_4488,20120131,3.
007_S_4516,20120213,3.
007_S_4568,20120301,3.
007_S_4611,20120328,3.
007_S_4620,20120328,3.
007_S_4637,20120405,3.
007_S_4911,20120830,3.
007_S_5196,20130603,3.
007_S_5265,20130730,3.
009_S_0751,20060725,1.5
009_S_0842,20060907,1.5
009_S_0862,20060919,1.5
009_S_1030,20061101,1.5
009_S_1199,20070116,1.5
009_S_1334,20070301,1.5
009_S_1354,20070306,1.5
009_S_2208,20101201,3.
009_S_2381,20110518,3.
009_S_4324,20111101,3.
009_S_4337,20111107,3.
009_S_4359,20111205,3.
009_S_4388,20111213,3.
009_S_4530,20120214,3.
009_S_4543,20120301,3.
009_S_4564,20120309,3.
009_S_4612,20120329,3.
009_S_4741,20120612,3.
009_S_4814,20120629,3.
009_S_4903,20120911,3.
009_S_4958,20121004,3.
009_S_5000,20121026,3.
009_S_5027,20121129,3.
009_S_5037,20130108,3.
009_S_5125,20130328,3.
009_S_5147,20130417,3.
009_S_5176,20130515,3.
009_S_5224,20130711,3.
009_S_5252,20130718,3.
010_S_0067,20060814,1.5
010_S_0161,20060816,1.5
010_S_0419,20061215,1.5
010_S_0420,20060615,1.5
010_S_0422,20060615,1.5
010_S_0472,20060705,1.5
010_S_0662,20060712,1.5
010_S_0786,20060927,1.5
010_S_0788,20060828,1.5
010_S_0829,20070208,1.5
010_S_0904,20061207,1.5
010_S_4135,20110727,3.
010_S_4345,20120611,3.
010_S_4442,20120207,3.
010_S_5163,20130529,3.
011_S_0002,20050826,1.4939999580383
011_S_0003,20050901,1.4939999580383
011_S_0005,20050902,1.4939999580383
011_S_0008,20050913,1.4939999580383
011_S_0010,20051107,1.4939999580383
011_S_0016,20050927,1.4939999580383
011_S_0021,20051010,1.4939999580383
011_S_0022,20051010,1.4939999580383
011_S_0023,20051031,1.4939999580383
011_S_0053,20051114,1.4939999580383
011_S_0168,20060210,1.4939999580383
011_S_0183,20060303,1.4939999580383
011_S_0241,20060310,1.4939999580383
011_S_0326,20060320,1.4939999580383
011_S_0362,20060328,1.4939999580383
011_S_0856,20060915,1.4939999580383
011_S_0861,20060927,1.4939999580383
011_S_1080,20061122,1.5
011_S_1282,20070209,1.5
011_S_2274,20110131,3.
011_S_4075,20110610,3.
011_S_4105,20110708,3.
011_S_4120,20110715,3.
011_S_4222,20110914,3.
011_S_4235,20110919,3.
011_S_4278,20111013,3.
011_S_4366,20111114,3.
011_S_4547,20120229,3.
011_S_4827,20120702,3.
011_S_4845,20120712,3.
011_S_4893,20120910,3.
011_S_4906,20120813,3.
011_S_4949,20120919,3.
012_S_0634,20060616,1.5
012_S_0637,20060616,1.5
012_S_0689,20060705,1.5
012_S_0712,20060629,1.5
012_S_0720,20060809,1.5
012_S_0803,20060922,1.5
012_S_0917,20061201,1.5
012_S_0932,20060920,1.5
012_S_1009,20061101,1.5
012_S_1033,20061116,1.5
012_S_1133,20070112,1.5
012_S_1165,20061228,1.5
012_S_1175,20070105,1.5
012_S_1212,20070112,1.5
012_S_1292,20070301,1.5
012_S_1321,20070222,1.5
012_S_4012,20110408,3.
012_S_4026,20110526,3.
012_S_4094,20110707,3.
012_S_4128,20110729,3.
012_S_4188,20110907,3.
012_S_5121,20130315,3.
012_S_5157,20150624,3.
013_S_0240,20060320,1.4939999580383
013_S_0325,20060419,1.4939999580383
013_S_0575,20060814,1.4939999580383
013_S_0592,20060817,1.4939999580383
013_S_0699,20060828,1.4939999580383
013_S_0860,20060921,1.4939999580383
013_S_0996,20061106,1.4939999580383
013_S_1035,20061102,1.4939999580383
013_S_1120,20061122,1.4939999580383
013_S_1161,20061220,1.4939999580383
013_S_1186,20070129,1.4939999580383
013_S_1205,20070111,1.4939999580383
013_S_1275,20070222,1.4939999580383
013_S_1276,20070305,1.4939999580383
013_S_2324,20110325,3.
013_S_2389,20110622,3.
013_S_4236,20111013,3.
013_S_4268,20111101,3.
013_S_4395,20120110,3.
013_S_4579,20120404,3.
013_S_4580,20120405,3.
013_S_4595,20120420,3.
013_S_4616,20120419,3.
013_S_4731,20120531,3.
013_S_4768,20120626,3.
013_S_4791,20120926,3.
013_S_4917,20120831,3.
013_S_4985,20120705,3.
013_S_5071,20130212,3.
013_S_5137,20130419,3.
013_S_5171,20130530,3.
014_S_0169,20060207,1.5
014_S_0328,20060322,1.5
014_S_0356,20060405,1.5
014_S_0357,20060404,1.5
014_S_0519,20060512,1.5
014_S_0520,20060512,1.5
014_S_0548,20060525,1.5
014_S_0557,20060531,1.5
014_S_0558,20060621,1.5
014_S_0563,20060705,1.5
014_S_0658,20060725,1.5
014_S_1095,20061203,1.5
014_S_2185,20101210,3.
014_S_2308,20110217,3.
014_S_4039,20110602,3.
014_S_4058,20110526,3.
014_S_4068,20110609,3.
014_S_4079,20110616,3.
014_S_4080,20110616,3.
014_S_4093,20110707,3.
014_S_4263,20111006,3.
014_S_4328,20111107,3.
014_S_4401,20111202,3.
014_S_4576,20120308,3.
014_S_4577,20120308,3.
014_S_4615,20120329,3.
014_S_4668,20120426,3.
016_S_0354,20060505,1.494
016_S_0359,20060406,1.494
016_S_0538,20060802,1.494
016_S_0590,20060606,1.494
016_S_0702,20060724,1.494
016_S_0769,20060802,1.494
016_S_0991,20061101,1.494
016_S_1028,20061102,1.494
016_S_1092,20061211,1.494
016_S_1117,20061201,1.494
016_S_1121,20061206,1.494
016_S_1138,20061228,1.494
016_S_1149,20070104,1.494
016_S_1263,20070227,1.494
016_S_1326,20070301,1.494
016_S_4009,20110618,3.
016_S_4097,20110705,3.
016_S_4121,20110715,3.
016_S_4353,20111118,3.
016_S_4575,20120323,3.
016_S_4583,20120329,3.
016_S_4584,20120327,3.
016_S_4591,20120322,3.
016_S_4601,20120402,3.
016_S_4638,20120521,3.
016_S_4646,20120510,3.
016_S_4688,20120611,3.
016_S_4887,20120821,3.
016_S_4902,20120821,3.
016_S_4951,20121001,3.
016_S_4952,20121001,3.
016_S_4963,20121010,3.
016_S_5007,20121203,3.
016_S_5031,20130213,3.
016_S_5032,20121129,3.
016_S_5057,20130225,3.
016_S_5251,20130809,3.
018_S_0043,20060810,1.5
018_S_0055,20060718,1.5
018_S_0057,20051117,1.5
018_S_0080,20051229,1.5
018_S_0087,20051222,1.5
018_S_0103,20060105,1.5
018_S_0142,20060119,1.5
018_S_0155,20060223,1.5
018_S_0277,20060316,1.5
018_S_0286,20060323,1.5
018_S_0335,20060516,1.5
018_S_0369,20060330,1.5
018_S_0406,20060420,1.5
018_S_0425,20060419,1.5
018_S_0450,20060504,1.5
018_S_0633,20060615,1.5
018_S_0682,20060706,1.5
018_S_2133,20101025,3.
018_S_2138,20101104,3.
018_S_2155,20101202,3.
018_S_2180,20101209,3.
018_S_4257,20111024,3.
018_S_4313,20111128,3.
018_S_4349,20111115,3.
018_S_4399,20111215,3.
018_S_4400,20111220,3.
018_S_4597,20120314,3.
018_S_4696,20120501,3.
018_S_4733,20120523,3.
018_S_4809,20120622,3.
018_S_4868,20120727,3.
018_S_4889,20120810,3.
018_S_5074,20130215,3.
018_S_5240,20130723,3.
018_S_5250,20130808,3.
018_S_5262,20130812,3.
019_S_4252,20110928,3.
019_S_4285,20111013,3.
019_S_4367,20111130,3.
019_S_4477,20120125,3.
019_S_4548,20120223,3.
019_S_4549,20120423,3.
019_S_4680,20120424,3.
019_S_4835,20120710,3.
019_S_5012,20121105,3.
019_S_5019,20121107,3.
019_S_5180,20130522,3.
019_S_5242,20130702,3.
020_S_0097,20060112,1.4939999580383
020_S_0213,20060322,1.4939999580383
020_S_0883,20060915,1.5
020_S_0899,20060925,1.5
020_S_1288,20070221,1.5
020_S_4619,20120418,3.
020_S_4920,20120913,3.
020_S_5140,20130422,3.
020_S_5203,20130615,3.
021_S_0141,20060123,1.5
021_S_0159,20060130,1.5
021_S_0178,20060210,1.5
021_S_0231,20060228,1.5
021_S_0273,20060314,1.5
021_S_0276,20060317,1.5
021_S_0332,20060404,1.5
021_S_0337,20060328,1.5
021_S_0343,20060406,1.5
021_S_0424,20060420,1.5
021_S_0626,20060629,1.5
021_S_0642,20060628,1.5
021_S_0647,20060629,1.5
021_S_0753,20060804,1.5
021_S_0984,20061023,1.5
021_S_1109,20061205,1.5
021_S_4245,20110922,3.
021_S_4254,20110926,3.
021_S_4276,20111007,3.
021_S_4335,20111111,3.
021_S_4402,20111214,3.
021_S_4419,20111219,3.
021_S_4421,20111220,3.
021_S_4558,20120302,3.
021_S_4633,20120414,3.
021_S_4659,20120416,3.
021_S_4718,20120516,3.
021_S_4744,20120531,3.
021_S_4857,20120724,3.
021_S_4924,20120905,3.
021_S_5099,20130304,3.
021_S_5129,20130327,3.
021_S_5177,20130517,3.
021_S_5194,20130529,3.
021_S_5236,20130627,3.
021_S_5237,20130627,3.
022_S_0004,20050922,1.494
022_S_0007,20050913,1.494
022_S_0014,20050929,1.494
022_S_0044,20051103,1.494
022_S_0066,20051123,1.494
022_S_0096,20060118,1.4939999580383
022_S_0129,20060206,1.4939999580383
022_S_0130,20060123,1.4939999580383
022_S_0219,20060317,1.4939999580383
022_S_0543,20060522,1.4939999580383
022_S_0544,20060517,1.4939999580383
022_S_0750,20060807,1.4939999580383
022_S_0924,20060927,1.4939999580383
022_S_0961,20061020,1.4939999580383
022_S_1097,20061130,1.4939999580383
022_S_1351,20070316,1.4939999580383
022_S_1366,20070328,1.4939999580383
022_S_1394,20070529,1.4939999580383
022_S_2087,20101005,3.
022_S_2167,20101102,3.
022_S_2263,20110118,3.
022_S_2379,20110513,3.
022_S_2382,20110621,3.
022_S_4173,20110913,3.
022_S_4196,20110913,3.
022_S_4266,20111115,3.
022_S_4291,20111122,3.
022_S_4320,20111109,3.
022_S_4444,20120214,3.
022_S_4805,20120703,3.
022_S_4922,20120925,3.
022_S_5004,20121106,3.
023_S_0030,20051010,1.494
023_S_0031,20051012,1.494
023_S_0042,20051031,1.494
023_S_0058,20051130,1.494
023_S_0061,20051129,1.494
023_S_0078,20051216,1.494
023_S_0081,20060110,1.494
023_S_0083,20051214,1.494
023_S_0084,20060104,1.494
023_S_0093,20060103,1.494
023_S_0126,20060119,1.494
023_S_0139,20060124,1.494
023_S_0217,20060221,1.494
023_S_0331,20060323,1.494
023_S_0376,20060403,1.494
023_S_0388,20060410,1.494
023_S_0604,20060602,1.494
023_S_0613,20060621,1.4939999580383
023_S_0625,20060623,1.4939999580383
023_S_0855,20060905,1.4939999580383
023_S_0887,20060920,1.4939999580383
023_S_0916,20060922,1.4939999580383
023_S_0926,20060927,1.4939999580383
023_S_0963,20061004,1.4939999580383
023_S_1046,20061106,1.5
023_S_1104,20061115,1.5
023_S_1126,20061205,1.5
023_S_1190,20070108,1.5
023_S_1247,20070131,1.5
023_S_1262,20070209,1.5
023_S_1289,20070212,1.5
023_S_1306,20070216,1.5
023_S_2068,20100917,3.
023_S_4020,20110503,3.
023_S_4034,20110607,3.
023_S_4035,20110728,3.
023_S_4115,20110830,3.
023_S_4122,20110826,3.
023_S_4164,20110830,3.
023_S_4241,20120201,3.
023_S_4243,20111109,3.
023_S_4448,20120126,3.
023_S_4501,20120322,3.
023_S_4502,20120306,3.
023_S_4796,20120822,3.
023_S_5120,20130515,3.
023_S_5241,20130809,3.
024_S_0985,20061020,1.5
024_S_1063,20061031,1.5
024_S_1171,20070104,1.5
024_S_1307,20070223,1.5
024_S_1393,20070313,1.5
024_S_1400,20070508,1.5
024_S_2239,20101203,3.
024_S_4084,20110616,3.
024_S_4158,20110811,3.
024_S_4169,20110812,3.
024_S_4186,20110902,3.
024_S_4223,20110912,3.
024_S_4280,20111018,3.
024_S_4392,20120103,3.
024_S_4622,20120330,3.
024_S_4674,20120420,3.
024_S_4905,20120816,3.
024_S_5054,20121220,3.
024_S_5290,20130906,3.
027_S_0074,20051209,1.5
027_S_0116,20060127,1.5
027_S_0118,20060224,1.5
027_S_0120,20060206,1.5
027_S_0179,20060224,1.5
027_S_0256,20060321,1.5
027_S_0307,20060406,1.5
027_S_0403,20060420,1.5
027_S_0404,20060427,1.5
027_S_0408,20060510,1.5
027_S_0417,20060512,1.5
027_S_0461,20060602,1.5
027_S_0485,20060508,1.5
027_S_0644,20060616,1.5
027_S_0835,20060911,1.5
027_S_0850,20060906,1.5
027_S_0948,20061009,1.5
027_S_1045,20061103,1.5
027_S_1081,20070122,1.5
027_S_1082,20061127,1.5
027_S_1213,20070119,1.5
027_S_1254,20070131,1.5
027_S_1277,20070209,1.5
027_S_1335,20070228,1.5
027_S_1385,20070228,1.5
027_S_1387,20070226,1.5
027_S_4729,20120522,3.
027_S_4757,20140625,3.
027_S_4801,20120702,3.
027_S_4802,20120722,3.
027_S_4804,20120716,3.
027_S_4869,20120819,3.
027_S_4873,20120808,3.
027_S_4919,20120831,3.
027_S_4926,20120920,3.
027_S_4936,20120921,3.
027_S_4938,20120926,3.
027_S_4943,20120918,3.
027_S_4955,20121004,3.
027_S_4962,20121005,3.
027_S_4964,20121006,3.
027_S_4966,20121013,3.
027_S_5079,20130212,3.
027_S_5083,20130221,3.
027_S_5093,20130227,3.
027_S_5109,20130325,3.
027_S_5110,20130320,3.
027_S_5118,20130329,3.
027_S_5127,20130408,3.
027_S_5169,20130522,3.
027_S_5170,20130523,3.
027_S_5197,20130609,3.
027_S_5277,20130820,3.
027_S_5288,20130918,3.
029_S_0824,20060822,1.5
029_S_0836,20060823,1.5
029_S_0843,20060913,1.5
029_S_0845,20060912,1.5
029_S_0866,20060913,1.5
029_S_0871,20061215,1.5
029_S_0878,20060915,1.5
029_S_0914,20061218,1.5
029_S_0999,20061130,1.5
029_S_1038,20061121,1.5
029_S_1056,20061127,1.5
029_S_1073,20061121,1.5
029_S_1184,20070122,1.5
029_S_1215,20070119,1.5
029_S_1218,20070123,1.5
029_S_1318,20070217,1.5
029_S_1384,20070328,1.5
029_S_4279,20111109,3.
029_S_4290,20111007,3.
029_S_4307,20111117,3.
029_S_4327,20111103,3.
029_S_4384,20111220,3.
029_S_4385,20120215,3.
029_S_4585,20120417,3.
029_S_4652,20120420,3.
029_S_5135,20130424,3.
029_S_5158,20130621,3.
029_S_5166,20130522,3.
029_S_5219,20130625,3.
031_S_0294,20060316,15000.
031_S_0321,20060321,15000.
031_S_0351,20060418,15000.
031_S_0554,20060523,15000.
031_S_0568,20060522,15000.
031_S_0618,20060606,15000.
031_S_0773,20060801,15000.
031_S_0821,20060830,15000.
031_S_0830,20060913,15000.
031_S_0867,20060920,15000.
031_S_1066,20061110,15000.
031_S_1209,20070112,15000.
031_S_2017,20100707,3.
031_S_2018,20100702,3.
031_S_2022,20100714,3.
031_S_2233,20101215,3.
031_S_4005,20110404,3.
031_S_4021,20110419,3.
031_S_4024,20110422,3.
031_S_4029,20110426,3.
031_S_4032,20110509,3.
031_S_4042,20110512,3.
031_S_4149,20110805,3.
031_S_4194,20110901,3.
031_S_4203,20110831,3.
031_S_4218,20110908,3.
031_S_4474,20120124,3.
031_S_4476,20120127,3.
031_S_4496,20120203,3.
031_S_4590,20120315,3.
031_S_4721,20120514,3.
031_S_4947,20120928,3.
032_S_0095,20060713,1.5
032_S_0147,20060919,1.5
032_S_0187,20060213,1.5
032_S_0214,20060220,1.5
032_S_0479,20060515,1.5
032_S_0677,20060629,1.5
032_S_0718,20060712,1.5
032_S_0978,20061016,1.5
032_S_1037,20061102,1.5
032_S_1101,20061121,1.5
032_S_1169,20061221,1.5
032_S_2119,20101005,3.
032_S_2240,20101215,3.
032_S_2247,20101222,3.
032_S_4277,20111019,3.
032_S_4304,20111027,3.
032_S_4348,20111118,3.
032_S_4386,20111213,3.
032_S_4429,20111222,3.
032_S_4755,20120702,3.
032_S_4823,20120705,3.
032_S_4921,20120906,3.
032_S_5263,20130812,3.
032_S_5289,20130903,3.
033_S_0511,20060601,1.5
033_S_0513,20060518,1.5
033_S_0514,20060518,1.5
033_S_0516,20060522,1.5
033_S_0567,20060517,1.5
033_S_0723,20060714,1.5
033_S_0724,20060726,1.5
033_S_0725,20060720,1.5
033_S_0733,20060718,1.5
033_S_0734,20060718,1.5
033_S_0739,20060719,1.5
033_S_0741,20060719,1.5
033_S_0888,20060921,1.5
033_S_0889,20060925,1.5
033_S_0906,20060925,1.5
033_S_0920,20060922,1.5
033_S_0922,20060926,1.5
033_S_0923,20060929,1.5
033_S_1016,20061101,1.5
033_S_1086,20061206,1.5
033_S_1087,20061120,1.5
033_S_1098,20061121,1.5
033_S_1116,20061121,1.5
033_S_1279,20070212,1.5
033_S_1281,20070207,1.5
033_S_1283,20070207,1.5
033_S_1284,20070212,1.5
033_S_1285,20070206,1.5
033_S_1308,20070208,1.5
033_S_1309,20070208,1.5
033_S_4176,20110825,3.
033_S_4177,20110826,3.
033_S_4179,20110822,3.
033_S_4505,20120206,3.
033_S_4508,20120207,3.
033_S_5013,20121107,3.
033_S_5017,20121108,3.
033_S_5087,20130214,3.
033_S_5198,20130603,3.
033_S_5235,20130627,3.
033_S_5259,20130725,3.
035_S_0033,20051122,1.4939999580383
035_S_0048,20051122,1.4939999580383
035_S_0156,20060131,1.4939999580383
035_S_0204,20060214,1.4939999580383
035_S_0292,20060322,1.4939999580383
035_S_0341,20060406,1.4939999580383
035_S_0555,20060606,1.4939999580383
035_S_0997,20061129,1.5
035_S_2061,20100913,3.
035_S_2074,20101119,3.
035_S_2192,20101208,3.
035_S_2199,20101129,3.
035_S_4082,20110628,3.
035_S_4085,20110706,3.
035_S_4114,20110715,3.
035_S_4256,20111214,3.
035_S_4414,20120319,3.
035_S_4464,20120125,3.
035_S_4582,20120320,3.
035_S_4783,20120702,3.
035_S_4784,20120625,3.
035_S_4785,20130606,3.
036_S_0576,20060601,1.4939999580383
036_S_0577,20060526,1.4939999580383
036_S_0656,20060707,1.4939999580383
036_S_0672,20060721,1.4939999580383
036_S_0673,20060721,1.4939999580383
036_S_0748,20060810,1.4939999580383
036_S_0759,20060822,1.4939999580383
036_S_0760,20060825,1.4939999580383
036_S_0813,20060825,1.4939999580383
036_S_0869,20061030,1.5
036_S_0945,20061025,1.4939999580383
036_S_0976,20061212,1.5
036_S_1001,20061120,1.5
036_S_1023,20061220,1.5
036_S_1135,20061227,1.5
036_S_1240,20070213,1.5
036_S_2378,20110526,3.
036_S_2380,20110601,3.
036_S_4389,20111207,3.
036_S_4430,20111223,3.
036_S_4491,20120131,3.
036_S_4538,20120305,3.
036_S_4562,20120412,3.
036_S_4714,20120511,3.
036_S_4715,20120319,3.
036_S_4736,20120530,3.
036_S_4740,20120525,3.
036_S_4820,20120717,3.
036_S_4878,20120802,3.
036_S_4894,20120809,3.
036_S_4899,20121015,3.
036_S_5063,20130116,3.
036_S_5112,20130506,3.
036_S_5149,20130415,3.
036_S_5210,20130612,3.
036_S_5248,20130718,3.
036_S_5271,20130801,3.
036_S_5283,20130821,3.
037_S_0150,20060201,15000.
037_S_0182,20060214,15000.
037_S_0303,20060407,15000.
037_S_0327,20060419,15000.
037_S_0377,20060502,15000.
037_S_0454,20060509,15000.
037_S_0467,20060502,15000.
037_S_0501,20060523,15000.
037_S_0539,20060615,15000.
037_S_0552,20060524,15000.
037_S_0566,20060613,15000.
037_S_0588,20060612,15000.
037_S_0627,20060706,15000.
037_S_1078,20061129,15000.
037_S_1225,20070124,15000.
037_S_1421,20070827,15000.
037_S_2103,20101020,3.
037_S_4001,20110221,3.
037_S_4015,20110405,3.
037_S_4028,20110425,3.
037_S_4030,20110505,3.
037_S_4071,20110628,3.
037_S_4146,20110907,3.
037_S_4214,20110912,3.
037_S_4302,20111026,3.
037_S_4308,20120220,3.
037_S_4381,20120118,3.
037_S_4410,20111219,3.
037_S_4432,20120201,3.
037_S_4706,20120510,3.
037_S_4750,20120702,3.
037_S_4770,20120709,3.
037_S_4879,20120906,3.
037_S_5126,20130425,3.
037_S_5162,20130503,3.
037_S_5222,20130711,3.
041_S_0125,20060113,1.4939999580383
041_S_0262,20060317,1.4939999580383
041_S_0282,20060419,1.4939999580383
041_S_0314,20060328,1.4939999580383
041_S_0407,20060428,1.4939999580383
041_S_0446,20060502,1.4939999580383
041_S_0549,20060613,1.4939999580383
041_S_0598,20060616,1.4939999580383
041_S_0679,20060720,1.4939999580383
041_S_0721,20060914,1.4939999580383
041_S_0898,20061018,1.4939999580383
041_S_1002,20061208,1.5
041_S_1010,20061212,1.5
041_S_1260,20070201,1.5
041_S_1368,20070305,1.5
041_S_1391,20070329,1.5
041_S_1411,20070716,1.5
041_S_1412,20070625,1.5
041_S_1418,20070727,1.5
041_S_1420,20070924,1.5
041_S_1423,20070803,1.5
041_S_1425,20070806,1.5
041_S_1435,20070907,1.5
041_S_4004,20110418,3.
041_S_4014,20110418,3.
041_S_4037,20110524,3.
041_S_4041,20110524,3.
041_S_4051,20110622,3.
041_S_4060,20110601,3.
041_S_4083,20110621,3.
041_S_4138,20110722,3.
041_S_4143,20110728,3.
041_S_4200,20110920,3.
041_S_4271,20111007,3.
041_S_4375,20111216,3.
041_S_4427,20111219,3.
041_S_4495,20120203,3.
041_S_4509,20120210,3.
041_S_4510,20120210,3.
041_S_4513,20120229,3.
041_S_4629,20120417,3.
041_S_4720,20120514,3.
041_S_4874,20120802,3.
041_S_4876,20120814,3.
041_S_4877,20120830,3.
041_S_4974,20121015,3.
041_S_4989,20121019,3.
041_S_5026,20121120,3.
041_S_5078,20130215,3.
041_S_5082,20130219,3.
041_S_5097,20130319,3.
041_S_5100,20130312,3.
041_S_5131,20130409,3.
041_S_5141,20130418,3.
041_S_5173,20130515,3.
041_S_5204,20130611,3.
041_S_5244,20130710,3.
041_S_5253,20130718,3.
051_S_1040,20061031,1.4939999580383
051_S_1072,20061124,1.4939999580383
051_S_1123,20061215,1.4939999580383
051_S_1131,20061215,1.4939999580383
051_S_1296,20070212,1.4939999580383
051_S_1331,20070413,1.5
051_S_1338,20070413,1.5
051_S_4929,20120918,3.
051_S_4980,20121029,3.
051_S_5005,20121106,3.
051_S_5285,20131028,3.
051_S_5293,20131211,3.
051_S_5294,20131028,3.
052_S_0671,20060705,1.5
052_S_0951,20061019,1.5
052_S_0952,20061019,1.5
052_S_0989,20061114,1.5
052_S_1054,20061128,1.5
052_S_1168,20061208,1.5
052_S_1250,20070202,1.5
052_S_1251,20070209,1.5
052_S_1346,20070313,1.5
052_S_1352,20070306,1.5
052_S_4626,20120403,3.
052_S_4807,20120727,3.
052_S_4885,20120810,3.
052_S_4944,20121019,3.
052_S_4945,20121024,3.
052_S_4959,20130304,3.
052_S_5062,20130125,3.
053_S_0389,20060420,1.5
053_S_0507,20060515,1.5
053_S_0621,20060612,1.5
053_S_0919,20061016,1.5
053_S_1044,20061026,1.5
053_S_2357,20110420,3.
053_S_2396,20110727,3.
053_S_4557,20120308,3.
053_S_4578,20120316,3.
053_S_4661,20120528,3.
053_S_4813,20120716,3.
053_S_5070,20130131,3.
053_S_5202,20130607,3.
053_S_5208,20130617,3.
053_S_5272,20130812,3.
053_S_5287,20130910,3.
053_S_5296,20131210,3.
057_S_0464,20060517,1.4939999580383
057_S_0643,20060621,1.4939999580383
057_S_0779,20060816,1.4939999580383
057_S_0818,20060906,1.4939999580383
057_S_0839,20060920,1.4939999580383
057_S_0934,20061004,1.4939999580383
057_S_0941,20061011,1.4939999580383
057_S_0957,20061018,1.4939999580383
057_S_1007,20061025,1.4939999580383
057_S_1217,20070131,1.5
057_S_1265,20070131,1.5
057_S_1269,20070131,1.5
057_S_1371,20070321,1.5
057_S_1373,20070321,1.5
057_S_1379,20070321,1.5
057_S_2398,20110705,3.
057_S_4110,20110708,3.
057_S_4888,20120803,3.
057_S_4897,20120813,3.
057_S_4909,20120823,3.
057_S_5199,20130531,3.
057_S_5292,20131018,3.
057_S_5295,20131128,3.
062_S_0535,20060518,1.4939999580383
062_S_0578,20060530,1.4939999580383
062_S_0690,20060718,1.4939999580383
062_S_0730,20060719,1.4939999580383
062_S_0768,20060802,1.4939999580383
062_S_0793,20060824,1.4939999580383
062_S_1091,20061128,1.4939999580383
062_S_1099,20061120,1.4939999580383
062_S_1182,20070117,1.4939999580383
062_S_1294,20070215,1.4939999580383
062_S_1299,20070220,1.4939999580383
067_S_0019,20051012,1.4939999580383
067_S_0020,20051012,1.4939999580383
067_S_0024,20051014,1.4939999580383
067_S_0029,20051014,1.4939999580383
067_S_0038,20051110,1.4939999580383
067_S_0045,20051116,1.4939999580383
067_S_0056,20051109,1.4939999580383
067_S_0059,20051212,1.4939999580383
067_S_0076,20051206,1.4939999580383
067_S_0077,20051221,1.4939999580383
067_S_0098,20060130,1.4939999580383
067_S_0110,20060125,1.4939999580383
067_S_0176,20060403,1.4939999580383
067_S_0177,20060310,1.4939999580383
067_S_0243,20060309,1.4939999580383
067_S_0257,20060519,1.4939999580383
067_S_0284,20060317,1.4939999580383
067_S_0290,20060328,1.4939999580383
067_S_0336,20060504,1.4939999580383
067_S_0607,20060627,1.4939999580383
067_S_0812,20061002,1.4939999580383
067_S_0828,20060905,1.4939999580383
067_S_1185,20070103,1.4939999580383
067_S_1253,20070305,1.4939999580383
067_S_2084,20100930,3.
067_S_2195,20101119,3.
067_S_2196,20101122,3.
067_S_2301,20110216,3.
067_S_2304,20110224,3.
067_S_4054,20110525,3.
067_S_4072,20110706,3.
067_S_4113,20110719,3.
067_S_4184,20110908,3.
067_S_4212,20110906,3.
067_S_4310,20111027,3.
067_S_4728,20120601,3.
067_S_4767,20120611,3.
067_S_4782,20120726,3.
067_S_4918,20120921,3.
067_S_5159,20130502,3.
067_S_5160,20130517,3.
067_S_5205,20130617,3.
067_S_5212,20130711,3.
068_S_0109,20060103,1.5
068_S_0127,20060214,1.5
068_S_0210,20060216,1.5
068_S_0401,20060425,1.5
068_S_0442,20060509,1.5
068_S_0473,20060503,1.5
068_S_0476,20060511,1.5
068_S_0478,20060516,1.5
068_S_0802,20140814,3.
068_S_0872,20061024,1.5
068_S_1075,20061214,1.5
068_S_1191,20070123,1.5
068_S_2168,20101101,3.
068_S_2171,20101109,3.
068_S_2184,20101115,3.
068_S_2187,20101115,3.
068_S_2193,20101202,3.
068_S_2194,20101115,3.
068_S_2248,20101221,3.
068_S_2315,20110308,3.
068_S_2316,20110310,3.
068_S_4061,20110603,3.
068_S_4067,20110606,3.
068_S_4134,20110728,3.
068_S_4174,20110819,3.
068_S_4217,20110906,3.
068_S_4274,20111010,3.
068_S_4332,20111114,3.
068_S_4340,20111128,3.
068_S_4424,20111223,3.
068_S_4431,20120206,3.
068_S_4859,20120803,3.
068_S_4914,20120904,3.
068_S_4968,20130215,3.
068_S_5146,20130515,3.
068_S_5206,20130626,3.
070_S_4692,20120508,3.
070_S_4708,20120515,3.
070_S_4719,20120521,3.
070_S_4793,20120625,3.
070_S_4798,20120628,3.
070_S_4856,20120725,3.
070_S_5040,20121203,3.
072_S_0315,20060329,1.5
072_S_1211,20070309,1.5
072_S_1380,20070416,1.5
072_S_2026,20100726,3.
072_S_2027,20100722,3.
072_S_2037,20100809,3.
072_S_2070,20100907,3.
072_S_2072,20100909,3.
072_S_2083,20100914,3.
072_S_2093,20101008,3.
072_S_2116,20101026,3.
072_S_2164,20101102,3.
072_S_4007,20110308,3.
072_S_4057,20110607,3.
072_S_4063,20110617,3.
072_S_4102,20110720,3.
072_S_4103,20110720,3.
072_S_4131,20110725,3.
072_S_4206,20110902,3.
072_S_4226,20110926,3.
072_S_4383,20111209,3.
072_S_4390,20111208,3.
072_S_4391,20120106,3.
072_S_4394,20111228,3.
072_S_4445,20120117,3.
072_S_4462,20120202,3.
072_S_4465,20120214,3.
072_S_4522,20120217,3.
072_S_4539,20120305,3.
072_S_4606,20120402,3.
072_S_4610,20120330,3.
072_S_4613,20120402,3.
072_S_4694,20120615,3.
072_S_4769,20120712,3.
072_S_4871,20120809,3.
072_S_4941,20121010,3.
072_S_5207,20130612,3.
073_S_0089,20060126,1.4939999580383
073_S_0311,20060531,1.4939999580383
073_S_0312,20060531,1.4939999580383
073_S_0386,20060420,1.4939999580383
073_S_0445,20060619,1.4939999580383
073_S_0518,20060911,1.4939999580383
073_S_0565,20060621,1.4939999580383
073_S_0652,20061127,1.4939999580383
073_S_0746,20061130,1.4939999580383
073_S_0909,20061002,1.4939999580383
073_S_1207,20070215,1.4939999580383
073_S_1357,20070409,1.4939999580383
073_S_2153,20101105,3.
073_S_2182,20101130,3.
073_S_2190,20101209,3.
073_S_2191,20110107,3.
073_S_2225,20110127,3.
073_S_2264,20110203,3.
073_S_4155,20110728,3.
073_S_4216,20110831,3.
073_S_4230,20110909,3.
073_S_4259,20111007,3.
073_S_4300,20111012,3.
073_S_4311,20111017,3.
073_S_4312,20111017,3.
073_S_4360,20111104,3.
073_S_4382,20111115,3.
073_S_4393,20111122,3.
073_S_4403,20111128,3.
073_S_4443,20111222,3.
073_S_4540,20120210,3.
073_S_4552,20120215,3.
073_S_4559,20120224,3.
073_S_4614,20120316,3.
073_S_4739,20120516,3.
073_S_4748,20120518,3.
073_S_4762,20120524,3.
073_S_4777,20120601,3.
073_S_4795,20120606,3.
073_S_4825,20120626,3.
073_S_4853,20120711,3.
073_S_4986,20121004,3.
073_S_4995,20121011,3.
073_S_5016,20121025,3.
073_S_5023,20120613,3.
073_S_5090,20130207,3.
073_S_5167,20130426,3.
073_S_5227,20130617,3.
082_S_0304,20060321,1.4939999580383
082_S_0363,20060328,1.4939999580383
082_S_0469,20060606,1.4939999580383
082_S_0640,20060703,1.4939999580383
082_S_0641,20060619,1.4939999580383
082_S_0761,20060807,1.4939999580383
082_S_0832,20060830,1.4939999580383
082_S_0928,20060929,1.5
082_S_1079,20061116,1.5
082_S_1119,20061207,1.5
082_S_1256,20070216,1.5
082_S_1377,20070320,1.5
082_S_2099,20100920,3.
082_S_2121,20101012,3.
082_S_2307,20110215,3.
082_S_4090,20110620,3.
082_S_4208,20110830,3.
082_S_4224,20110921,3.
082_S_4244,20111019,3.
082_S_4339,20111109,3.
082_S_4428,20111220,3.
082_S_5014,20121101,3.
082_S_5029,20121114,3.
082_S_5179,20130516,3.
082_S_5184,20130522,3.
082_S_5278,20130815,3.
082_S_5279,20130819,3.
082_S_5282,20130829,3.
094_S_0434,20060420,1.5
094_S_0489,20060509,1.5
094_S_0526,20060516,1.5
094_S_0531,20060516,1.5
094_S_0692,20060721,1.5
094_S_0711,20060710,1.5
094_S_0921,20061002,1.5
094_S_0964,20061010,1.5
094_S_1015,20061030,1.5
094_S_1027,20061026,1.5
094_S_1090,20061204,1.5
094_S_1102,20061124,1.5
094_S_1164,20061211,1.5
094_S_1188,20061228,1.5
094_S_1241,20070216,1.5
094_S_1267,20070316,1.5
094_S_1293,20070312,1.5
094_S_1314,20070226,1.5
094_S_1330,20070222,1.5
094_S_1397,20070426,1.5
094_S_1398,20070503,1.5
094_S_1402,20070510,1.5
094_S_1417,20070716,1.5
094_S_4089,20110629,3.
094_S_4162,20110816,3.
094_S_4234,20111018,3.
094_S_4282,20111020,3.
094_S_4434,20120118,3.
094_S_4459,20120207,3.
094_S_4503,20120222,3.
094_S_4560,20120316,3.
094_S_4630,20120403,3.
094_S_4649,20120510,3.
094_S_4737,20120608,3.
094_S_4858,20120911,3.
098_S_0149,20060122,1.5
098_S_0160,20060128,1.5
098_S_0171,20060204,1.5
098_S_0172,20060226,1.5
098_S_0269,20060304,1.5
098_S_0288,20060325,1.5
098_S_0542,20060521,1.5
098_S_0667,20060624,1.5
098_S_0884,20061216,1.5
098_S_0896,20060925,1.5
098_S_2079,20111024,3.
098_S_4003,20110322,3.
098_S_4018,20110422,3.
098_S_4050,20110527,3.
098_S_4059,20110524,3.
098_S_4201,20110914,3.
098_S_4215,20110912,3.
098_S_4275,20111017,3.
098_S_4506,20120224,3.
099_S_0040,20051024,1.4939999580383
099_S_0051,20051115,1.4939999580383
099_S_0054,20051116,1.4939999580383
099_S_0060,20051207,1.4939999580383
099_S_0090,20060111,1.4939999580383
099_S_0111,20060118,1.4939999580383
099_S_0291,20060309,1.4939999580383
099_S_0352,20060407,1.4939999580383
099_S_0372,20060421,1.4939999580383
099_S_0470,20060510,1.4939999580383
099_S_0492,20060525,1.4939999580383
099_S_0533,20060525,1.4939999580383
099_S_0534,20060504,1.4939999580383
099_S_0551,20060518,1.4939999580383
099_S_0880,20061005,1.4939999580383
099_S_0958,20061020,1.4939999580383
099_S_1034,20061102,1.4939999580383
099_S_1144,20061219,1.4939999580383
099_S_2042,20100818,3.
099_S_2063,20101015,3.
099_S_2146,20101109,3.
099_S_2205,20101130,3.
099_S_4022,20110425,3.
099_S_4076,20110614,3.
099_S_4086,20110628,3.
099_S_4104,20110701,3.
099_S_4124,20110728,3.
099_S_4157,20110823,3.
099_S_4202,20110927,3.
099_S_4205,20111007,3.
099_S_4463,20120202,3.
099_S_4475,20120201,3.
099_S_4480,20120217,3.
099_S_4498,20120315,3.
099_S_4565,20120327,3.
099_S_4994,20121203,3.
100_S_0015,20090427,3.
100_S_0035,20090319,3.
100_S_0069,20140128,3.
100_S_0296,20060403,1.5
100_S_1154,20061221,1.5
100_S_1286,20140220,3.
100_S_2351,20110513,3.
100_S_4469,20120308,3.
100_S_4511,20120309,3.
100_S_4512,20120418,3.
100_S_4556,20120426,3.
100_S_4884,20130206,3.
100_S_5075,20130305,3.
100_S_5091,20130306,3.
100_S_5096,20130328,3.
100_S_5102,20130329,3.
100_S_5106,20130422,3.
100_S_5246,20130820,3.
100_S_5280,20130816,3.
109_S_0777,20060907,1.4939999580383
109_S_0840,20060907,1.4939999580383
109_S_0876,20060919,1.4939999580383
109_S_0950,20061025,1.4939999580383
109_S_0967,20061023,1.4939999580383
109_S_1013,20061108,1.5
109_S_1014,20061228,1.5
109_S_1114,20061227,1.5
109_S_1157,20070103,1.5
109_S_1183,20070103,1.5
109_S_1192,20070111,1.5
109_S_1343,20070320,1.5
109_S_4260,20111014,3.
109_S_4380,20111222,3.
109_S_4455,20120202,3.
109_S_4499,20120308,3.
109_S_4531,20120313,3.
109_S_4594,20120330,3.
114_S_0166,20060210,1.4939999580383
114_S_0173,20060210,1.4939999580383
114_S_0228,20060216,1.4939999580383
114_S_0374,20060410,1.4939999580383
114_S_0378,20060404,1.4939999580383
114_S_0410,20060418,1.4939999580383
114_S_0416,20060420,1.4939999580383
114_S_0458,20060509,1.4939999580383
114_S_0601,20060605,1.4939999580383
114_S_0979,20061101,1.5
114_S_1103,20061130,1.5
114_S_1106,20061121,1.5
114_S_1118,20061208,1.5
114_S_2392,20110621,3.
114_S_4379,20111207,3.
114_S_4404,20120120,3.
114_S_5047,20121207,3.
114_S_5234,20130627,3.
116_S_0360,20060502,15000.
116_S_0361,20060427,15000.
116_S_0370,20060424,15000.
116_S_0382,20060515,15000.
116_S_0392,20060605,15000.
116_S_0487,20060601,15000.
116_S_0648,20060803,15000.
116_S_0649,20060724,15000.
116_S_0657,20060824,15000.
116_S_0752,20060816,15000.
116_S_0834,20060929,15000.
116_S_0890,20070122,15000.
116_S_1083,20061109,15000.
116_S_1232,20070124,15000.
116_S_1243,20070207,15000.
116_S_1249,20070207,15000.
116_S_1271,20070221,15000.
116_S_1315,20070308,15000.
116_S_2270,20110112,3.
116_S_4010,20110331,3.
116_S_4043,20110517,3.
116_S_4092,20110624,3.
116_S_4167,20110810,3.
116_S_4175,20110815,3.
116_S_4195,20110831,3.
116_S_4199,20110824,3.
116_S_4209,20110829,3.
116_S_4338,20111102,3.
116_S_4453,20120118,3.
116_S_4483,20120125,3.
116_S_4537,20120216,3.
116_S_4625,20120329,3.
116_S_4635,20120329,3.
116_S_4732,20120531,3.
116_S_4855,20120720,3.
116_S_4898,20120808,3.
121_S_0953,20061204,1.5
121_S_1322,20070302,1.5
121_S_1350,20070309,1.5
123_S_0050,20051111,1.5
123_S_0072,20060104,1.5
123_S_0088,20060106,1.5
123_S_0091,20051223,1.5
123_S_0094,20051228,1.5
123_S_0106,20090120,1.5
123_S_0108,20060201,1.5
123_S_0113,20090311,1.5
123_S_0162,20060208,1.5
123_S_0298,20090417,1.5
123_S_0390,20060411,1.5
123_S_1300,20090326,1.5
123_S_2055,20100819,3.
123_S_2363,20110422,3.
123_S_4096,20110728,3.
123_S_4127,20110803,3.
123_S_4170,20110827,3.
123_S_4362,20111128,3.
123_S_4526,20120209,3.
123_S_4780,20120621,3.
123_S_4806,20120621,3.
123_S_4904,20120906,3.
126_S_0405,20060516,1.5
126_S_0506,20060614,1.5
126_S_0605,20060615,1.5
126_S_0606,20060720,1.5
126_S_0680,20060705,1.5
126_S_0708,20060717,1.5
126_S_0709,20060726,1.5
126_S_0784,20061005,1.5
126_S_0865,20061106,1.5
126_S_0891,20060925,1.5
126_S_1077,20061206,1.5
126_S_1187,20070117,1.5
126_S_1221,20070123,1.5
126_S_1340,20070314,1.5
126_S_4458,20120120,3.
126_S_4494,20120131,3.
126_S_4507,20120203,3.
126_S_4514,20120210,3.
126_S_4675,20120420,3.
126_S_4686,20120427,3.
126_S_4712,20120508,3.
126_S_4743,20120524,3.
126_S_4891,20120803,3.
126_S_4896,20120808,3.
126_S_5214,20130611,3.
126_S_5243,20130716,3.
127_S_0112,20060113,1.5
127_S_0259,20060313,1.5
127_S_0260,20060323,1.5
127_S_0393,20060412,1.5
127_S_0394,20060517,1.5
127_S_0397,20060515,1.5
127_S_0431,20060517,1.5
127_S_0622,20060613,1.5
127_S_0684,20060713,1.5
127_S_0754,20060905,1.5
127_S_0844,20061009,1.5
127_S_0925,20061030,1.5
127_S_1032,20061108,1.5
127_S_1140,20061214,1.5
127_S_1210,20070206,1.5
127_S_1382,20070316,1.5
127_S_1419,20070723,1.5
127_S_1427,20070820,1.5
127_S_4148,20110811,3.
127_S_4197,20110822,3.
127_S_4198,20110901,3.
127_S_4210,20110908,3.
127_S_4240,20110923,3.
127_S_4301,20111024,3.
127_S_4500,20120208,3.
127_S_4604,20120321,3.
127_S_4624,20120531,3.
127_S_4645,20120404,3.
127_S_4765,20120608,3.
127_S_4843,20120718,3.
127_S_4844,20120718,3.
127_S_4928,20120905,3.
127_S_4940,20120919,3.
127_S_4992,20121025,3.
127_S_5028,20121114,3.
127_S_5056,20130103,3.
127_S_5058,20130110,3.
127_S_5067,20130204,3.
127_S_5095,20130227,3.
127_S_5132,20130425,3.
127_S_5185,20130529,3.
127_S_5200,20130610,3.
127_S_5218,20130624,3.
127_S_5228,20130624,3.
127_S_5266,20130730,3.
128_S_0135,20060126,15000.
128_S_0138,20060125,15000.
128_S_0167,20060216,15000.
128_S_0188,20060206,15000.
128_S_0200,20060213,15000.
128_S_0205,20060210,15000.
128_S_0216,20060214,15000.
128_S_0225,20060215,15000.
128_S_0227,20060302,15000.
128_S_0229,20060308,15000.
128_S_0230,20060308,15000.
128_S_0245,20060321,15000.
128_S_0258,20060406,15000.
128_S_0266,20060322,15000.
128_S_0272,20060322,15000.
128_S_0310,20060324,15000.
128_S_0500,20060515,15000.
128_S_0517,20060526,15000.
128_S_0522,20060519,15000.
128_S_0528,20060517,15000.
128_S_0545,20060524,15000.
128_S_0608,20060601,15000.
128_S_0611,20060608,15000.
128_S_0701,20060714,15000.
128_S_0715,20060718,15000.
128_S_0740,20060731,15000.
128_S_0770,20060728,15000.
128_S_0805,20060906,1.4939999580383
128_S_0863,20060925,1.4939999580383
128_S_0947,20061006,1.4939999580383
128_S_1043,20061115,1.4939999580383
128_S_1088,20061207,1.4939999580383
128_S_1148,20061218,1.4939999580383
128_S_1181,20070130,1.5
128_S_1242,20070205,1.5
128_S_1406,20070518,1.5
128_S_1407,20070606,1.5
128_S_1408,20070727,1.5
128_S_1409,20070619,1.5
128_S_1430,20070907,1.5
128_S_2002,20100617,3.
128_S_2003,20100701,3.
128_S_2011,20100713,3.
128_S_2036,20100817,3.
128_S_2045,20100826,3.
128_S_2057,20100902,3.
128_S_2123,20101021,3.
128_S_2130,20101102,3.
128_S_2151,20101116,3.
128_S_2220,20101214,3.
128_S_2314,20110301,3.
128_S_4553,20120220,3.
128_S_4571,20120310,3.
128_S_4586,20120605,3.
128_S_4599,20120317,3.
128_S_4603,20120407,3.
128_S_4607,20120326,3.
128_S_4609,20120404,3.
128_S_4636,20120327,3.
128_S_4653,20120418,3.
128_S_4671,20120502,3.
128_S_4742,20120531,3.
128_S_4745,20120607,3.
128_S_4772,20120613,3.
128_S_4774,20120621,3.
128_S_4792,20120618,3.
128_S_4832,20120709,3.
128_S_4842,20120713,3.
128_S_5066,20121221,3.
128_S_5123,20121220,3.
129_S_0778,20060814,15000.
129_S_1204,20070215,15000.
129_S_1246,20070206,15000.
129_S_4220,20110913,3.
129_S_4287,20121030,3.
129_S_4371,20121128,3.
129_S_4396,20121211,3.
130_S_0102,20051228,1.5
130_S_0232,20060301,1.5
130_S_0285,20060322,1.5
130_S_0289,20060313,1.5
130_S_0423,20060530,1.5
130_S_0449,20060531,1.5
130_S_0460,20060518,1.5
130_S_0505,20060725,1.5
130_S_0783,20060817,1.5
130_S_0886,20061016,3.
130_S_0956,20061106,3.
130_S_0969,20061106,3.
130_S_1200,20100207,1.5
130_S_1201,20070115,1.5
130_S_1290,20070207,1.5
130_S_1337,20070322,3.
130_S_2373,20111101,3.
130_S_2391,20111216,3.
130_S_2403,20120126,3.
130_S_4250,20120123,3.
130_S_4294,20111121,3.
130_S_4343,20111109,3.
130_S_4352,20111115,3.
130_S_4405,20120113,3.
130_S_4415,20120113,3.
130_S_4417,20120118,3.
130_S_4468,20120201,3.
130_S_4542,20120302,3.
130_S_4589,20120319,3.
130_S_4605,20120326,3.
130_S_4641,20120404,3.
130_S_4660,20120418,3.
130_S_4730,20120523,3.
130_S_4817,20120703,3.
130_S_4883,20120810,3.
130_S_4925,20120926,3.
130_S_4971,20121017,3.
130_S_4982,20121023,3.
130_S_4984,20121017,3.
130_S_4990,20121026,3.
130_S_4997,20121119,3.
130_S_5006,20121114,3.
130_S_5059,20130206,3.
130_S_5142,20130419,3.
130_S_5175,20130524,3.
130_S_5231,20130716,3.
130_S_5258,20130718,3.
131_S_0123,20060119,1.5
131_S_0319,20060320,1.5
131_S_0384,20060327,1.5
131_S_0409,20060425,1.5
131_S_0436,20060517,1.5
131_S_0441,20060424,1.5
131_S_0457,20060503,1.5
131_S_0497,20060607,1.5
131_S_0691,20060726,1.5
131_S_1301,20070221,1.5
131_S_1389,20070316,1.5
131_S_5138,20130402,3.
131_S_5148,20130418,3.
132_S_0339,20060427,15000.
132_S_0987,20070321,15000.
133_S_0433,20060503,1.5
133_S_0488,20060509,1.5
133_S_0493,20060509,1.5
133_S_0525,20060530,1.5
133_S_0629,20060623,1.5
133_S_0638,20060626,1.5
133_S_0727,20060907,1.5
133_S_0771,20060905,1.5
133_S_0792,20060825,1.5
133_S_0912,20061009,1.5
133_S_0913,20061227,1.5
133_S_1031,20061031,1.5
133_S_1055,20061113,1.5
133_S_1170,20061229,1.5
135_S_4281,20111014,3.
135_S_4309,20111026,3.
135_S_4356,20111110,3.
135_S_4406,20111207,3.
135_S_4446,20120117,3.
135_S_4489,20120202,3.
135_S_4566,20120307,3.
135_S_4598,20120320,3.
135_S_4657,20120412,3.
135_S_4676,20120419,3.
135_S_4689,20120427,3.
135_S_4710,20120510,3.
135_S_4722,20120516,3.
135_S_4723,20120516,3.
135_S_4863,20120801,3.
135_S_4954,20120924,3.
135_S_5015,20121113,3.
135_S_5113,20130403,3.
135_S_5269,20130726,3.
135_S_5273,20130806,3.
135_S_5275,20130805,3.
136_S_0086,20060331,1.5
136_S_0107,20060217,1.5
136_S_0184,20060306,1.5
136_S_0186,20060224,1.5
136_S_0194,20060410,1.5
136_S_0195,20060313,1.5
136_S_0196,20060417,1.5
136_S_0299,20060501,1.5
136_S_0300,20060509,1.5
136_S_0426,20060516,1.5
136_S_0429,20060614,1.5
136_S_0579,20060629,1.5
136_S_0695,20060918,1.5
136_S_0873,20061002,1.5
136_S_0874,20061106,1.5
136_S_1227,20070206,1.5
136_S_4189,20110916,3.
136_S_4269,20111031,3.
136_S_4408,20120127,3.
136_S_4433,20120116,3.
136_S_4517,20120328,3.
136_S_4726,20120605,3.
136_S_4727,20120605,3.
136_S_4836,20120806,3.
136_S_4848,20121015,3.
136_S_4932,20121022,3.
136_S_4956,20121016,3.
136_S_4993,20121024,3.
137_S_0158,20060214,1.5
137_S_0283,20060315,1.5
137_S_0301,20060330,1.5
137_S_0366,20060510,1.5
137_S_0438,20060427,1.5
137_S_0443,20060615,1.5
137_S_0459,20060425,1.5
137_S_0481,20060511,1.5
137_S_0631,20060616,1.5
137_S_0668,20060807,1.5
137_S_0669,20060721,1.5
137_S_0686,20060703,1.5
137_S_0722,20060726,1.5
137_S_0796,20060821,1.5
137_S_0800,20060814,1.5
137_S_0825,20060928,1.5
137_S_0841,20060927,1.5
137_S_0972,20061204,1.5
137_S_0973,20061115,1.5
137_S_0994,20061101,1.5
137_S_1041,20061109,1.5
137_S_1414,20070801,1.5
137_S_1426,20070907,1.5
137_S_4211,20110921,3.
137_S_4227,20110921,3.
137_S_4258,20111011,3.
137_S_4299,20111102,3.
137_S_4303,20111102,3.
137_S_4331,20111116,3.
137_S_4351,20111202,3.
137_S_4466,20120125,3.
137_S_4482,20120216,3.
137_S_4520,20120301,3.
137_S_4536,20120222,3.
137_S_4587,20120416,3.
137_S_4596,20120319,3.
137_S_4623,20120404,3.
137_S_4631,20120430,3.
137_S_4632,20120503,3.
137_S_4672,20120416,3.
137_S_4678,20120503,3.
137_S_4756,20120531,3.
137_S_4815,20120802,3.
137_S_4816,20120814,3.
137_S_4852,20120801,3.
137_S_4862,20130722,3.
141_S_0340,20060327,1.4939999580383
141_S_0696,20060825,1.4939999580383
141_S_0697,20060821,1.4939999580383
141_S_0717,20060827,1.4939999580383
141_S_0726,20060827,1.4939999580383
141_S_0767,20060827,1.4939999580383
141_S_0790,20060910,1.4939999580383
141_S_0810,20061017,1.4939999580383
141_S_0851,20060926,1.4939999580383
141_S_0852,20060925,1.4939999580383
141_S_0853,20060827,1.4939999580383
141_S_0915,20060706,1.4939999580383
141_S_0982,20061115,1.4939999580383
141_S_1004,20061202,1.4939999580383
141_S_1024,20061119,1.4939999580383
141_S_1051,20061228,1.4939999580383
141_S_1052,20061126,1.4939999580383
141_S_1094,20061121,1.4939999580383
141_S_1137,20061219,1.4939999580383
141_S_1152,20061226,1.4939999580383
141_S_1231,20070218,1.4939999580383
141_S_1244,20070218,1.4939999580383
141_S_1245,20070129,1.4939999580383
141_S_1255,20070203,1.4939999580383
141_S_1378,20070326,1.4939999580383
141_S_2210,20110104,3.
141_S_2333,20110324,3.
141_S_4053,20110524,3.
141_S_4160,20110904,3.
141_S_4232,20110924,3.
141_S_4423,20111220,3.
141_S_4426,20111202,3.
141_S_4438,20120106,3.
141_S_4456,20120117,3.
141_S_4711,20120512,3.
141_S_4803,20120623,3.
141_S_4819,20120721,3.
141_S_4907,20120909,3.
141_S_4976,20121013,3.
153_S_2109,20101005,3.
153_S_2148,20101026,3.
153_S_4077,20110615,3.
153_S_4125,20110720,3.
153_S_4133,20110728,3.
153_S_4139,20110811,3.
153_S_4151,20110818,3.
153_S_4159,20110817,3.
153_S_4165,20110817,3.
153_S_4172,20110817,3.
153_S_4297,20111031,3.
153_S_4372,20111130,3.
153_S_4621,20120328,3.
153_S_4838,20120718,3.
153_S_5261,20130725,3.
153_S_5267,20130801,3.
941_S_1194,20070120,1.4939999580383
941_S_1195,20070208,1.4939999580383
941_S_1197,20070120,1.4939999580383
941_S_1202,20070130,1.4939999580383
941_S_1203,20070129,1.4939999580383
941_S_1295,20070209,1.4939999580383
941_S_1311,20070302,1.4939999580383
941_S_1363,20070312,1.4939999580383
941_S_2060,20100908,3.
941_S_4036,20110510,3.
941_S_4066,20110617,3.
941_S_4100,20110718,3.
941_S_4187,20110622,3.
941_S_4255,20111007,3.
941_S_4292,20111205,3.
941_S_4365,20111122,3.
941_S_4376,20110601,3.
941_S_4377,20120104,3.
941_S_4420,20120328,3.
941_S_4764,20120601,3.
941_S_5124,20130409,3.
941_S_5193,20130529,3.
