002_S_0295,20060418
002_S_0413,20060502
002_S_0559,20060523
002_S_0619,20060601
002_S_0685,20060706
002_S_0729,20060717
002_S_0782,20060814
002_S_0816,20060830
002_S_0938,20061005
002_S_0954,20061010
002_S_0955,20061011
002_S_1018,20061129
002_S_1070,20061128
002_S_1155,20061214
002_S_1261,20070215
002_S_1268,20070214
002_S_1280,20070213
002_S_2010,20100624
002_S_2043,20100831
002_S_2073,20100907
002_S_4171,20110808
002_S_4213,20110902
002_S_4219,20110914
002_S_4225,20110921
002_S_4229,20110921
002_S_4237,20110926
002_S_4251,20110926
002_S_4262,20111005
002_S_4264,20111005
002_S_4270,20111011
002_S_4447,20120117
002_S_4473,20120210
002_S_4521,20120217
002_S_4654,20120405
002_S_4746,20120529
002_S_4799,20120621
002_S_5018,20121108
002_S_5178,20130516
002_S_5230,20130627
002_S_5256,20130715
003_S_0907,20060911
003_S_0908,20060912
003_S_0931,20061011
003_S_0981,20061019
003_S_1021,20061101
003_S_1057,20061204
003_S_1059,20061109
003_S_1074,20061204
003_S_1122,20061206
003_S_1257,20070301
003_S_4081,20110705
003_S_4119,20110809
003_S_4136,20110810
003_S_4152,20110830
003_S_4288,20111020
003_S_4350,20111109
003_S_4354,20111219
003_S_4373,20111215
003_S_4441,20120103
003_S_4524,20120223
003_S_4555,20120305
003_S_4644,20120419
003_S_4872,20120802
003_S_4892,20120823
003_S_4900,20120815
003_S_5130,20130411
003_S_5150,20130524
003_S_5154,20130430
003_S_5165,20130516
003_S_5187,20130607
003_S_5209,20130709
005_S_0221,20060222
005_S_0222,20060221
005_S_0223,20060228
005_S_0324,20060330
005_S_0448,20060504
005_S_0546,20060615
005_S_0553,20060614
005_S_0572,20060620
005_S_0602,20060629
005_S_0610,20060621
005_S_0814,20060830
005_S_0929,20061002
005_S_1224,20070123
005_S_1341,20070307
005_S_4168,20110817
005_S_4185,20110912
005_S_4707,20120515
005_S_4910,20120921
005_S_5038,20121213
005_S_5119,20130328
006_S_0322,20060620
006_S_0484,20060621
006_S_0498,20060626
006_S_0521,20060627
006_S_0547,20060629
006_S_0653,20060705
006_S_0675,20060831
006_S_0681,20060831
006_S_0731,20060828
006_S_1130,20061130
006_S_4150,20111107
006_S_4153,20111104
006_S_4192,20110927
006_S_4346,20111110
006_S_4357,20111128
006_S_4363,20111116
006_S_4449,20120119
006_S_4485,20120201
006_S_4515,20120207
006_S_4546,20120305
006_S_4679,20120601
006_S_4713,20120514
006_S_4867,20120807
006_S_4960,20121009
006_S_5153,20130422
007_S_0041,20051021
007_S_0068,20051130
007_S_0070,20060118
007_S_0101,20051220
007_S_0128,20060116
007_S_0249,20060302
007_S_0293,20060314
007_S_0316,20060329
007_S_0344,20060331
007_S_0414,20060522
007_S_0698,20060707
007_S_1206,20070117
007_S_1222,20070119
007_S_1248,20070125
007_S_1304,20070213
007_S_1339,20070222
007_S_4272,20111017
007_S_4387,20111205
007_S_4467,20120123
007_S_4488,20120131
007_S_4516,20120213
007_S_4568,20120301
007_S_4611,20120328
007_S_4620,20120328
007_S_4637,20120405
007_S_4911,20120830
007_S_5196,20130603
007_S_5265,20130730
009_S_0751,20060725
009_S_0842,20060907
009_S_0862,20060919
009_S_1030,20061101
009_S_1199,20070116
009_S_1334,20070301
009_S_1354,20070306
009_S_2208,20101201
009_S_2381,20110518
009_S_4324,20111101
009_S_4337,20111107
009_S_4359,20111205
009_S_4388,20111213
009_S_4530,20120214
009_S_4543,20120301
009_S_4564,20120309
009_S_4612,20120329
009_S_4741,20120612
009_S_4814,20120629
009_S_4903,20120911
009_S_4958,20121004
009_S_5000,20121026
009_S_5027,20121129
009_S_5037,20130108
009_S_5125,20130328
009_S_5147,20130417
009_S_5176,20130515
009_S_5224,20130711
009_S_5252,20130718
010_S_0067,20060814
010_S_0161,20060816
010_S_0419,20061215
010_S_0420,20060615
010_S_0422,20060615
010_S_0472,20060705
010_S_0662,20060712
010_S_0786,20060927
010_S_0788,20060828
010_S_0829,20070208
010_S_0904,20061207
010_S_4135,20110727
010_S_4345,20120611
010_S_4442,20120207
010_S_5163,20130529
011_S_0002,20050826
011_S_0003,20050901
011_S_0005,20050902
011_S_0008,20050913
011_S_0010,20051107
011_S_0016,20050927
011_S_0021,20051010
011_S_0022,20051010
011_S_0023,20051031
011_S_0053,20051114
011_S_0168,20060210
011_S_0183,20060303
011_S_0241,20060310
011_S_0326,20060320
011_S_0362,20060328
011_S_0856,20060915
011_S_0861,20060927
011_S_1080,20061122
011_S_1282,20070209
011_S_2274,20110131
011_S_4075,20110610
011_S_4105,20110708
011_S_4120,20110715
011_S_4222,20110914
011_S_4235,20110919
011_S_4278,20111013
011_S_4366,20111114
011_S_4547,20120229
011_S_4827,20120702
011_S_4845,20120712
011_S_4893,20120910
011_S_4906,20120813
011_S_4949,20120919
012_S_0634,20060616
012_S_0637,20060616
012_S_0689,20060705
012_S_0712,20060629
012_S_0720,20060809
012_S_0803,20060922
012_S_0917,20061201
012_S_0932,20060920
012_S_1009,20061101
012_S_1033,20061116
012_S_1133,20070112
012_S_1165,20061228
012_S_1175,20070105
012_S_1212,20070112
012_S_1292,20070301
012_S_1321,20070222
012_S_4012,20110408
012_S_4026,20110526
012_S_4094,20110707
012_S_4128,20110729
012_S_4188,20110907
012_S_5121,20130315
012_S_5157,20150624
013_S_0240,20060320
013_S_0325,20060419
013_S_0575,20060814
013_S_0592,20060817
013_S_0699,20060828
013_S_0860,20060921
013_S_0996,20061106
013_S_1035,20061102
013_S_1120,20061122
013_S_1161,20061220
013_S_1186,20070129
013_S_1205,20070111
013_S_1275,20070222
013_S_1276,20070305
013_S_2324,20110325
013_S_2389,20110622
013_S_4236,20111013
013_S_4268,20111101
013_S_4395,20120110
013_S_4579,20120404
013_S_4580,20120405
013_S_4595,20120420
013_S_4616,20120419
013_S_4731,20120531
013_S_4768,20120626
013_S_4791,20120926
013_S_4917,20120831
013_S_4985,20120705
013_S_5071,20130212
013_S_5137,20130419
013_S_5171,20130530
014_S_0169,20060207
014_S_0328,20060322
014_S_0356,20060405
014_S_0357,20060404
014_S_0519,20060512
014_S_0520,20060512
014_S_0548,20060525
014_S_0557,20060531
014_S_0558,20060621
014_S_0563,20060705
014_S_0658,20060725
014_S_1095,20061203
014_S_2185,20101210
014_S_2308,20110217
014_S_4039,20110602
014_S_4058,20110526
014_S_4068,20110609
014_S_4079,20110616
014_S_4080,20110616
014_S_4093,20110707
014_S_4263,20111006
014_S_4328,20111107
014_S_4401,20111202
014_S_4576,20120308
014_S_4577,20120308
014_S_4615,20120329
014_S_4668,20120426
016_S_0354,20060505
016_S_0359,20060406
016_S_0538,20060802
016_S_0590,20060606
016_S_0702,20060724
016_S_0769,20060802
016_S_0991,20061101
016_S_1028,20061102
016_S_1092,20061211
016_S_1117,20061201
016_S_1121,20061206
016_S_1138,20061228
016_S_1149,20070104
016_S_1263,20070227
016_S_1326,20070301
016_S_4009,20110618
016_S_4097,20110705
016_S_4121,20110715
016_S_4353,20111118
016_S_4575,20120323
016_S_4583,20120329
016_S_4584,20120327
016_S_4591,20120322
016_S_4601,20120402
016_S_4638,20120521
016_S_4646,20120510
016_S_4688,20120611
016_S_4887,20120821
016_S_4902,20120821
016_S_4951,20121001
016_S_4952,20121001
016_S_4963,20121010
016_S_5007,20121203
016_S_5031,20130213
016_S_5032,20121129
016_S_5057,20130225
016_S_5251,20130809
018_S_0043,20060810
018_S_0055,20060718
018_S_0057,20051117
018_S_0080,20051229
018_S_0087,20051222
018_S_0103,20060105
018_S_0142,20060119
018_S_0155,20060223
018_S_0277,20060316
018_S_0286,20060323
018_S_0335,20060516
018_S_0369,20060330
018_S_0406,20060420
018_S_0425,20060419
018_S_0450,20060504
018_S_0633,20060615
018_S_0682,20060706
018_S_2133,20101025
018_S_2138,20101104
018_S_2155,20101202
018_S_2180,20101209
018_S_4257,20111024
018_S_4313,20111128
018_S_4349,20111115
018_S_4399,20111215
018_S_4400,20111220
018_S_4597,20120314
018_S_4696,20120501
018_S_4733,20120523
018_S_4809,20120622
018_S_4868,20120727
018_S_4889,20120810
018_S_5074,20130215
018_S_5240,20130723
018_S_5250,20130808
018_S_5262,20130812
019_S_4252,20110928
019_S_4285,20111013
019_S_4367,20111130
019_S_4477,20120125
019_S_4548,20120223
019_S_4549,20120423
019_S_4680,20120424
019_S_4835,20120710
019_S_5012,20121105
019_S_5019,20121107
019_S_5180,20130522
019_S_5242,20130702
020_S_0097,20060112
020_S_0213,20060322
020_S_0883,20060915
020_S_0899,20060925
020_S_1288,20070221
020_S_4619,20120418
020_S_4920,20120913
020_S_5140,20130422
020_S_5203,20130615
021_S_0141,20060123
021_S_0159,20060130
021_S_0178,20060210
021_S_0231,20060228
021_S_0273,20060314
021_S_0276,20060317
021_S_0332,20060404
021_S_0337,20060328
021_S_0343,20060406
021_S_0424,20060420
021_S_0626,20060629
021_S_0642,20060628
021_S_0647,20060629
021_S_0753,20060804
021_S_0984,20061023
021_S_1109,20061205
021_S_4245,20110922
021_S_4254,20110926
021_S_4276,20111007
021_S_4335,20111111
021_S_4402,20111214
021_S_4419,20111219
021_S_4421,20111220
021_S_4558,20120302
021_S_4633,20120414
021_S_4659,20120416
021_S_4718,20120516
021_S_4744,20120531
021_S_4857,20120724
021_S_4924,20120905
021_S_5099,20130304
021_S_5129,20130327
021_S_5177,20130517
021_S_5194,20130529
021_S_5236,20130627
021_S_5237,20130627
022_S_0004,20050922
022_S_0007,20050913
022_S_0014,20050929
022_S_0044,20051103
022_S_0066,20051123
022_S_0096,20060118
022_S_0129,20060206
022_S_0130,20060123
022_S_0219,20060317
022_S_0543,20060522
022_S_0544,20060517
022_S_0750,20060807
022_S_0924,20060927
022_S_0961,20061020
022_S_1097,20061130
022_S_1351,20070316
022_S_1366,20070328
022_S_1394,20070529
022_S_2087,20101005
022_S_2167,20101102
022_S_2263,20110118
022_S_2379,20110513
022_S_2382,20110621
022_S_4173,20110913
022_S_4196,20110913
022_S_4266,20111115
022_S_4291,20111122
022_S_4320,20111109
022_S_4444,20120214
022_S_4805,20120703
022_S_4922,20120925
022_S_5004,20121106
023_S_0030,20051010
023_S_0031,20051012
023_S_0042,20051031
023_S_0058,20051130
023_S_0061,20051129
023_S_0078,20051216
023_S_0081,20060110
023_S_0083,20051214
023_S_0084,20060104
023_S_0093,20060103
023_S_0126,20060119
023_S_0139,20060124
023_S_0217,20060221
023_S_0331,20060323
023_S_0376,20060403
023_S_0388,20060410
023_S_0604,20060602
023_S_0613,20060621
023_S_0625,20060623
023_S_0855,20060905
023_S_0887,20060920
023_S_0916,20060922
023_S_0926,20060927
023_S_0963,20061004
023_S_1046,20061106
023_S_1104,20061115
023_S_1126,20061205
023_S_1190,20070108
023_S_1247,20070131
023_S_1262,20070209
023_S_1289,20070212
023_S_1306,20070216
023_S_2068,20100917
023_S_4020,20110503
023_S_4034,20110607
023_S_4035,20110728
023_S_4115,20110830
023_S_4122,20110826
023_S_4164,20110830
023_S_4241,20120201
023_S_4243,20111109
023_S_4448,20120126
023_S_4501,20120322
023_S_4502,20120306
023_S_4796,20120822
023_S_5120,20130515
023_S_5241,20130809
024_S_0985,20061020
024_S_1063,20061031
024_S_1171,20070104
024_S_1307,20070223
024_S_1393,20070313
024_S_1400,20070508
024_S_2239,20101203
024_S_4084,20110616
024_S_4158,20110811
024_S_4169,20110812
024_S_4186,20110902
024_S_4223,20110912
024_S_4280,20111018
024_S_4392,20120103
024_S_4622,20120330
024_S_4674,20120420
024_S_4905,20120816
024_S_5054,20121220
024_S_5290,20130906
027_S_0074,20051209
027_S_0116,20060127
027_S_0118,20060224
027_S_0120,20060206
027_S_0179,20060224
027_S_0256,20060321
027_S_0307,20060406
027_S_0403,20060420
027_S_0404,20060427
027_S_0408,20060510
027_S_0417,20060512
027_S_0461,20060602
027_S_0485,20060508
027_S_0644,20060616
027_S_0835,20060911
027_S_0850,20060906
027_S_0948,20061009
027_S_1045,20061103
027_S_1081,20070122
027_S_1082,20061127
027_S_1213,20070119
027_S_1254,20070131
027_S_1277,20070209
027_S_1335,20070228
027_S_1385,20070228
027_S_1387,20070226
027_S_4729,20120522
027_S_4757,20140625
027_S_4801,20120702
027_S_4802,20120722
027_S_4804,20120716
027_S_4869,20120819
027_S_4873,20120808
027_S_4919,20120831
027_S_4926,20120920
027_S_4936,20120921
027_S_4938,20120926
027_S_4943,20120918
027_S_4955,20121004
027_S_4962,20121005
027_S_4964,20121006
027_S_4966,20121013
027_S_5079,20130212
027_S_5083,20130221
027_S_5093,20130227
027_S_5109,20130325
027_S_5110,20130320
027_S_5118,20130329
027_S_5127,20130408
027_S_5169,20130522
027_S_5170,20130523
027_S_5197,20130609
027_S_5277,20130820
027_S_5288,20130918
029_S_0824,20060822
029_S_0836,20060823
029_S_0843,20060913
029_S_0845,20060912
029_S_0866,20060913
029_S_0871,20061215
029_S_0878,20060915
029_S_0914,20061218
029_S_0999,20061130
029_S_1038,20061121
029_S_1056,20061127
029_S_1073,20061121
029_S_1184,20070122
029_S_1215,20070119
029_S_1218,20070123
029_S_1318,20070217
029_S_1384,20070328
029_S_4279,20111109
029_S_4290,20111007
029_S_4307,20111117
029_S_4327,20111103
029_S_4384,20111220
029_S_4385,20120215
029_S_4585,20120417
029_S_4652,20120420
029_S_5135,20130424
029_S_5158,20130621
029_S_5166,20130522
029_S_5219,20130625
031_S_0294,20060316
031_S_0321,20060321
031_S_0351,20060418
031_S_0554,20060523
031_S_0568,20060522
031_S_0618,20060606
031_S_0773,20060801
031_S_0821,20060830
031_S_0830,20060913
031_S_0867,20060920
031_S_1066,20061110
031_S_1209,20070112
031_S_2017,20100707
031_S_2018,20100702
031_S_2022,20100714
031_S_2233,20101215
031_S_4005,20110404
031_S_4021,20110419
031_S_4024,20110422
031_S_4029,20110426
031_S_4032,20110509
031_S_4042,20110512
031_S_4149,20110805
031_S_4194,20110901
031_S_4203,20110831
031_S_4218,20110908
031_S_4474,20120124
031_S_4476,20120127
031_S_4496,20120203
031_S_4590,20120315
031_S_4721,20120514
031_S_4947,20120928
032_S_0095,20060713
032_S_0147,20060919
032_S_0187,20060213
032_S_0214,20060220
032_S_0479,20060515
032_S_0677,20060629
032_S_0718,20060712
032_S_0978,20061016
032_S_1037,20061102
032_S_1101,20061121
032_S_1169,20061221
032_S_2119,20101005
032_S_2240,20101215
032_S_2247,20101222
032_S_4277,20111019
032_S_4304,20111027
032_S_4348,20111118
032_S_4386,20111213
032_S_4429,20111222
032_S_4755,20120702
032_S_4823,20120705
032_S_4921,20120906
032_S_5263,20130812
032_S_5289,20130903
033_S_0511,20060601
033_S_0513,20060518
033_S_0514,20060518
033_S_0516,20060522
033_S_0567,20060517
033_S_0723,20060714
033_S_0724,20060726
033_S_0725,20060720
033_S_0733,20060718
033_S_0734,20060718
033_S_0739,20060719
033_S_0741,20060719
033_S_0888,20060921
033_S_0889,20060925
033_S_0906,20060925
033_S_0920,20060922
033_S_0922,20060926
033_S_0923,20060929
033_S_1016,20061101
033_S_1086,20061206
033_S_1087,20061120
033_S_1098,20061121
033_S_1116,20061121
033_S_1279,20070212
033_S_1281,20070207
033_S_1283,20070207
033_S_1284,20070212
033_S_1285,20070206
033_S_1308,20070208
033_S_1309,20070208
033_S_4176,20110825
033_S_4177,20110826
033_S_4179,20110822
033_S_4505,20120206
033_S_4508,20120207
033_S_5013,20121107
033_S_5017,20121108
033_S_5087,20130214
033_S_5198,20130603
033_S_5235,20130627
033_S_5259,20130725
035_S_0033,20051122
035_S_0048,20051122
035_S_0156,20060131
035_S_0204,20060214
035_S_0292,20060322
035_S_0341,20060406
035_S_0555,20060606
035_S_0997,20061129
035_S_2061,20100913
035_S_2074,20101119
035_S_2192,20101208
035_S_2199,20101129
035_S_4082,20110628
035_S_4085,20110706
035_S_4114,20110715
035_S_4256,20111214
035_S_4414,20120319
035_S_4464,20120125
035_S_4582,20120320
035_S_4783,20120702
035_S_4784,20120625
035_S_4785,20130606
036_S_0576,20060601
036_S_0577,20060526
036_S_0656,20060707
036_S_0672,20060721
036_S_0673,20060721
036_S_0748,20060810
036_S_0759,20060822
036_S_0760,20060825
036_S_0813,20060825
036_S_0869,20061030
036_S_0945,20061025
036_S_0976,20061212
036_S_1001,20061120
036_S_1023,20061220
036_S_1135,20061227
036_S_1240,20070213
036_S_2378,20110526
036_S_2380,20110601
036_S_4389,20111207
036_S_4430,20111223
036_S_4491,20120131
036_S_4538,20120305
036_S_4562,20120412
036_S_4714,20120511
036_S_4715,20120319
036_S_4736,20120530
036_S_4740,20120525
036_S_4820,20120717
036_S_4878,20120802
036_S_4894,20120809
036_S_4899,20121015
036_S_5063,20130116
036_S_5112,20130506
036_S_5149,20130415
036_S_5210,20130612
036_S_5248,20130718
036_S_5271,20130801
036_S_5283,20130821
037_S_0150,20060201
037_S_0182,20060214
037_S_0303,20060407
037_S_0327,20060419
037_S_0377,20060502
037_S_0454,20060509
037_S_0467,20060502
037_S_0501,20060523
037_S_0539,20060615
037_S_0552,20060524
037_S_0566,20060613
037_S_0588,20060612
037_S_0627,20060706
037_S_1078,20061129
037_S_1225,20070124
037_S_1421,20070827
037_S_2103,20101020
037_S_4001,20110221
037_S_4015,20110405
037_S_4028,20110425
037_S_4030,20110505
037_S_4071,20110628
037_S_4146,20110907
037_S_4214,20110912
037_S_4302,20111026
037_S_4308,20120220
037_S_4381,20120118
037_S_4410,20111219
037_S_4432,20120201
037_S_4706,20120510
037_S_4750,20120702
037_S_4770,20120709
037_S_4879,20120906
037_S_5126,20130425
037_S_5162,20130503
037_S_5222,20130711
041_S_0125,20060113
041_S_0262,20060317
041_S_0282,20060419
041_S_0314,20060328
041_S_0407,20060428
041_S_0446,20060502
041_S_0549,20060613
041_S_0598,20060616
041_S_0679,20060720
041_S_0721,20060914
041_S_0898,20061018
041_S_1002,20061208
041_S_1010,20061212
041_S_1260,20070201
041_S_1368,20070305
041_S_1391,20070329
041_S_1411,20070716
041_S_1412,20070625
041_S_1418,20070727
041_S_1420,20070924
041_S_1423,20070803
041_S_1425,20070806
041_S_1435,20070907
041_S_4004,20110418
041_S_4014,20110418
041_S_4037,20110524
041_S_4041,20110524
041_S_4051,20110622
041_S_4060,20110601
041_S_4083,20110621
041_S_4138,20110722
041_S_4143,20110728
041_S_4200,20110920
041_S_4271,20111007
041_S_4375,20111216
041_S_4427,20111219
041_S_4495,20120203
041_S_4509,20120210
041_S_4510,20120210
041_S_4513,20120229
041_S_4629,20120417
041_S_4720,20120514
041_S_4874,20120802
041_S_4876,20120814
041_S_4877,20120830
041_S_4974,20121015
041_S_4989,20121019
041_S_5026,20121120
041_S_5078,20130215
041_S_5082,20130219
041_S_5097,20130319
041_S_5100,20130312
041_S_5131,20130409
041_S_5141,20130418
041_S_5173,20130515
041_S_5204,20130611
041_S_5244,20130710
041_S_5253,20130718
051_S_1040,20061031
051_S_1072,20061124
051_S_1123,20061215
051_S_1131,20061215
051_S_1296,20070212
051_S_1331,20070413
051_S_1338,20070413
051_S_4929,20120918
051_S_4980,20121029
051_S_5005,20121106
051_S_5285,20131028
051_S_5293,20131211
051_S_5294,20131028
052_S_0671,20060705
052_S_0951,20061019
052_S_0952,20061019
052_S_0989,20061114
052_S_1054,20061128
052_S_1168,20061208
052_S_1250,20070202
052_S_1251,20070209
052_S_1346,20070313
052_S_1352,20070306
052_S_4626,20120403
052_S_4807,20120727
052_S_4885,20120810
052_S_4944,20121019
052_S_4945,20121024
052_S_4959,20130304
052_S_5062,20130125
053_S_0389,20060420
053_S_0507,20060515
053_S_0621,20060612
053_S_0919,20061016
053_S_1044,20061026
053_S_2357,20110420
053_S_2396,20110727
053_S_4557,20120308
053_S_4578,20120316
053_S_4661,20120528
053_S_4813,20120716
053_S_5070,20130131
053_S_5202,20130607
053_S_5208,20130617
053_S_5272,20130812
053_S_5287,20130910
053_S_5296,20131210
057_S_0464,20060517
057_S_0643,20060621
057_S_0779,20060816
057_S_0818,20060906
057_S_0839,20060920
057_S_0934,20061004
057_S_0941,20061011
057_S_0957,20061018
057_S_1007,20061025
057_S_1217,20070131
057_S_1265,20070131
057_S_1269,20070131
057_S_1371,20070321
057_S_1373,20070321
057_S_1379,20070321
057_S_2398,20110705
057_S_4110,20110708
057_S_4888,20120803
057_S_4897,20120813
057_S_4909,20120823
057_S_5199,20130531
057_S_5292,20131018
057_S_5295,20131128
062_S_0535,20060518
062_S_0578,20060530
062_S_0690,20060718
062_S_0730,20060719
062_S_0768,20060802
062_S_0793,20060824
062_S_1091,20061128
062_S_1099,20061120
062_S_1182,20070117
062_S_1294,20070215
062_S_1299,20070220
067_S_0019,20051012
067_S_0020,20051012
067_S_0024,20051014
067_S_0029,20051014
067_S_0038,20051110
067_S_0045,20051116
067_S_0056,20051109
067_S_0059,20051212
067_S_0076,20051206
067_S_0077,20051221
067_S_0098,20060130
067_S_0110,20060125
067_S_0176,20060403
067_S_0177,20060310
067_S_0243,20060309
067_S_0257,20060519
067_S_0284,20060317
067_S_0290,20060328
067_S_0336,20060504
067_S_0607,20060627
067_S_0812,20061002
067_S_0828,20060905
067_S_1185,20070103
067_S_1253,20070305
067_S_2084,20100930
067_S_2195,20101119
067_S_2196,20101122
067_S_2301,20110216
067_S_2304,20110224
067_S_4054,20110525
067_S_4072,20110706
067_S_4113,20110719
067_S_4184,20110908
067_S_4212,20110906
067_S_4310,20111027
067_S_4728,20120601
067_S_4767,20120611
067_S_4782,20120726
067_S_4918,20120921
067_S_5159,20130502
067_S_5160,20130517
067_S_5205,20130617
067_S_5212,20130711
068_S_0109,20060103
068_S_0127,20060214
068_S_0210,20060216
068_S_0401,20060425
068_S_0442,20060509
068_S_0473,20060503
068_S_0476,20060511
068_S_0478,20060516
068_S_0802,20140814
068_S_0872,20061024
068_S_1075,20061214
068_S_1191,20070123
068_S_2168,20101101
068_S_2171,20101109
068_S_2184,20101115
068_S_2187,20101115
068_S_2193,20101202
068_S_2194,20101115
068_S_2248,20101221
068_S_2315,20110308
068_S_2316,20110310
068_S_4061,20110603
068_S_4067,20110606
068_S_4134,20110728
068_S_4174,20110819
068_S_4217,20110906
068_S_4274,20111010
068_S_4332,20111114
068_S_4340,20111128
068_S_4424,20111223
068_S_4431,20120206
068_S_4859,20120803
068_S_4914,20120904
068_S_4968,20130215
068_S_5146,20130515
068_S_5206,20130626
070_S_4692,20120508
070_S_4708,20120515
070_S_4719,20120521
070_S_4793,20120625
070_S_4798,20120628
070_S_4856,20120725
070_S_5040,20121203
072_S_0315,20060329
072_S_1211,20070309
072_S_1380,20070416
072_S_2026,20100726
072_S_2027,20100722
072_S_2037,20100809
072_S_2070,20100907
072_S_2072,20100909
072_S_2083,20100914
072_S_2093,20101008
072_S_2116,20101026
072_S_2164,20101102
072_S_4007,20110308
072_S_4057,20110607
072_S_4063,20110617
072_S_4102,20110720
072_S_4103,20110720
072_S_4131,20110725
072_S_4206,20110902
072_S_4226,20110926
072_S_4383,20111209
072_S_4390,20111208
072_S_4391,20120106
072_S_4394,20111228
072_S_4445,20120117
072_S_4462,20120202
072_S_4465,20120214
072_S_4522,20120217
072_S_4539,20120305
072_S_4606,20120402
072_S_4610,20120330
072_S_4613,20120402
072_S_4694,20120615
072_S_4769,20120712
072_S_4871,20120809
072_S_4941,20121010
072_S_5207,20130612
073_S_0089,20060126
073_S_0311,20060531
073_S_0312,20060531
073_S_0386,20060420
073_S_0445,20060619
073_S_0518,20060911
073_S_0565,20060621
073_S_0652,20061127
073_S_0746,20061130
073_S_0909,20061002
073_S_1207,20070215
073_S_1357,20070409
073_S_2153,20101105
073_S_2182,20101130
073_S_2190,20101209
073_S_2191,20110107
073_S_2225,20110127
073_S_2264,20110203
073_S_4155,20110728
073_S_4216,20110831
073_S_4230,20110909
073_S_4259,20111007
073_S_4300,20111012
073_S_4311,20111017
073_S_4312,20111017
073_S_4360,20111104
073_S_4382,20111115
073_S_4393,20111122
073_S_4403,20111128
073_S_4443,20111222
073_S_4540,20120210
073_S_4552,20120215
073_S_4559,20120224
073_S_4614,20120316
073_S_4739,20120516
073_S_4748,20120518
073_S_4762,20120524
073_S_4777,20120601
073_S_4795,20120606
073_S_4825,20120626
073_S_4853,20120711
073_S_4986,20121004
073_S_4995,20121011
073_S_5016,20121025
073_S_5023,20120613
073_S_5090,20130207
073_S_5167,20130426
073_S_5227,20130617
082_S_0304,20060321
082_S_0363,20060328
082_S_0469,20060606
082_S_0640,20060703
082_S_0641,20060619
082_S_0761,20060807
082_S_0832,20060830
082_S_0928,20060929
082_S_1079,20061116
082_S_1119,20061207
082_S_1256,20070216
082_S_1377,20070320
082_S_2099,20100920
082_S_2121,20101012
082_S_2307,20110215
082_S_4090,20110620
082_S_4208,20110830
082_S_4224,20110921
082_S_4244,20111019
082_S_4339,20111109
082_S_4428,20111220
082_S_5014,20121101
082_S_5029,20121114
082_S_5179,20130516
082_S_5184,20130522
082_S_5278,20130815
082_S_5279,20130819
082_S_5282,20130829
094_S_0434,20060420
094_S_0489,20060509
094_S_0526,20060516
094_S_0531,20060516
094_S_0692,20060721
094_S_0711,20060710
094_S_0921,20061002
094_S_0964,20061010
094_S_1015,20061030
094_S_1027,20061026
094_S_1090,20061204
094_S_1102,20061124
094_S_1164,20061211
094_S_1188,20061228
094_S_1241,20070216
094_S_1267,20070316
094_S_1293,20070312
094_S_1314,20070226
094_S_1330,20070222
094_S_1397,20070426
094_S_1398,20070503
094_S_1402,20070510
094_S_1417,20070716
094_S_4089,20110629
094_S_4162,20110816
094_S_4234,20111018
094_S_4282,20111020
094_S_4434,20120118
094_S_4459,20120207
094_S_4503,20120222
094_S_4560,20120316
094_S_4630,20120403
094_S_4649,20120510
094_S_4737,20120608
094_S_4858,20120911
098_S_0149,20060122
098_S_0160,20060128
098_S_0171,20060204
098_S_0172,20060226
098_S_0269,20060304
098_S_0288,20060325
098_S_0542,20060521
098_S_0667,20060624
098_S_0884,20061216
098_S_0896,20060925
098_S_2079,20111024
098_S_4003,20110322
098_S_4018,20110422
098_S_4050,20110527
098_S_4059,20110524
098_S_4201,20110914
098_S_4215,20110912
098_S_4275,20111017
098_S_4506,20120224
099_S_0040,20051024
099_S_0051,20051115
099_S_0054,20051116
099_S_0060,20051207
099_S_0090,20060111
099_S_0111,20060118
099_S_0291,20060309
099_S_0352,20060407
099_S_0372,20060421
099_S_0470,20060510
099_S_0492,20060525
099_S_0533,20060525
099_S_0534,20060504
099_S_0551,20060518
099_S_0880,20061005
099_S_0958,20061020
099_S_1034,20061102
099_S_1144,20061219
099_S_2042,20100818
099_S_2063,20101015
099_S_2146,20101109
099_S_2205,20101130
099_S_4022,20110425
099_S_4076,20110614
099_S_4086,20110628
099_S_4104,20110701
099_S_4124,20110728
099_S_4157,20110823
099_S_4202,20110927
099_S_4205,20111007
099_S_4463,20120202
099_S_4475,20120201
099_S_4480,20120217
099_S_4498,20120315
099_S_4565,20120327
099_S_4994,20121203
100_S_0015,20090427
100_S_0035,20090319
100_S_0069,20140128
100_S_0296,20060403
100_S_1154,20061221
100_S_1286,20140220
100_S_2351,20110513
100_S_4469,20120308
100_S_4511,20120309
100_S_4512,20120418
100_S_4556,20120426
100_S_4884,20130206
100_S_5075,20130305
100_S_5091,20130306
100_S_5096,20130328
100_S_5102,20130329
100_S_5106,20130422
100_S_5246,20130820
100_S_5280,20130816
109_S_0777,20060907
109_S_0840,20060907
109_S_0876,20060919
109_S_0950,20061025
109_S_0967,20061023
109_S_1013,20061108
109_S_1014,20061228
109_S_1114,20061227
109_S_1157,20070103
109_S_1183,20070103
109_S_1192,20070111
109_S_1343,20070320
109_S_4260,20111014
109_S_4380,20111222
109_S_4455,20120202
109_S_4499,20120308
109_S_4531,20120313
109_S_4594,20120330
114_S_0166,20060210
114_S_0173,20060210
114_S_0228,20060216
114_S_0374,20060410
114_S_0378,20060404
114_S_0410,20060418
114_S_0416,20060420
114_S_0458,20060509
114_S_0601,20060605
114_S_0979,20061101
114_S_1103,20061130
114_S_1106,20061121
114_S_1118,20061208
114_S_2392,20110621
114_S_4379,20111207
114_S_4404,20120120
114_S_5047,20121207
114_S_5234,20130627
116_S_0360,20060502
116_S_0361,20060427
116_S_0370,20060424
116_S_0382,20060515
116_S_0392,20060605
116_S_0487,20060601
116_S_0648,20060803
116_S_0649,20060724
116_S_0657,20060824
116_S_0752,20060816
116_S_0834,20060929
116_S_0890,20070122
116_S_1083,20061109
116_S_1232,20070124
116_S_1243,20070207
116_S_1249,20070207
116_S_1271,20070221
116_S_1315,20070308
116_S_2270,20110112
116_S_4010,20110331
116_S_4043,20110517
116_S_4092,20110624
116_S_4167,20110810
116_S_4175,20110815
116_S_4195,20110831
116_S_4199,20110824
116_S_4209,20110829
116_S_4338,20111102
116_S_4453,20120118
116_S_4483,20120125
116_S_4537,20120216
116_S_4625,20120329
116_S_4635,20120329
116_S_4732,20120531
116_S_4855,20120720
116_S_4898,20120808
121_S_0953,20061204
121_S_1322,20070302
121_S_1350,20070309
123_S_0050,20051111
123_S_0072,20060104
123_S_0088,20060106
123_S_0091,20051223
123_S_0094,20051228
123_S_0106,20090120
123_S_0108,20060201
123_S_0113,20090311
123_S_0162,20060208
123_S_0298,20090417
123_S_0390,20060411
123_S_1300,20090326
123_S_2055,20100819
123_S_2363,20110422
123_S_4096,20110728
123_S_4127,20110803
123_S_4170,20110827
123_S_4362,20111128
123_S_4526,20120209
123_S_4780,20120621
123_S_4806,20120621
123_S_4904,20120906
126_S_0405,20060516
126_S_0506,20060614
126_S_0605,20060615
126_S_0606,20060720
126_S_0680,20060705
126_S_0708,20060717
126_S_0709,20060726
126_S_0784,20061005
126_S_0865,20061106
126_S_0891,20060925
126_S_1077,20061206
126_S_1187,20070117
126_S_1221,20070123
126_S_1340,20070314
126_S_4458,20120120
126_S_4494,20120131
126_S_4507,20120203
126_S_4514,20120210
126_S_4675,20120420
126_S_4686,20120427
126_S_4712,20120508
126_S_4743,20120524
126_S_4891,20120803
126_S_4896,20120808
126_S_5214,20130611
126_S_5243,20130716
127_S_0112,20060113
127_S_0259,20060313
127_S_0260,20060323
127_S_0393,20060412
127_S_0394,20060517
127_S_0397,20060515
127_S_0431,20060517
127_S_0622,20060613
127_S_0684,20060713
127_S_0754,20060905
127_S_0844,20061009
127_S_0925,20061030
127_S_1032,20061108
127_S_1140,20061214
127_S_1210,20070206
127_S_1382,20070316
127_S_1419,20070723
127_S_1427,20070820
127_S_4148,20110811
127_S_4197,20110822
127_S_4198,20110901
127_S_4210,20110908
127_S_4240,20110923
127_S_4301,20111024
127_S_4500,20120208
127_S_4604,20120321
127_S_4624,20120531
127_S_4645,20120404
127_S_4765,20120608
127_S_4843,20120718
127_S_4844,20120718
127_S_4928,20120905
127_S_4940,20120919
127_S_4992,20121025
127_S_5028,20121114
127_S_5056,20130103
127_S_5058,20130110
127_S_5067,20130204
127_S_5095,20130227
127_S_5132,20130425
127_S_5185,20130529
127_S_5200,20130610
127_S_5218,20130624
127_S_5228,20130624
127_S_5266,20130730
128_S_0135,20060126
128_S_0138,20060125
128_S_0167,20060216
128_S_0188,20060206
128_S_0200,20060213
128_S_0205,20060210
128_S_0216,20060214
128_S_0225,20060215
128_S_0227,20060302
128_S_0229,20060308
128_S_0230,20060308
128_S_0245,20060321
128_S_0258,20060406
128_S_0266,20060322
128_S_0272,20060322
128_S_0310,20060324
128_S_0500,20060515
128_S_0517,20060526
128_S_0522,20060519
128_S_0528,20060517
128_S_0545,20060524
128_S_0608,20060601
128_S_0611,20060608
128_S_0701,20060714
128_S_0715,20060718
128_S_0740,20060731
128_S_0770,20060728
128_S_0805,20060906
128_S_0863,20060925
128_S_0947,20061006
128_S_1043,20061115
128_S_1088,20061207
128_S_1148,20061218
128_S_1181,20070130
128_S_1242,20070205
128_S_1406,20070518
128_S_1407,20070606
128_S_1408,20070727
128_S_1409,20070619
128_S_1430,20070907
128_S_2002,20100617
128_S_2003,20100701
128_S_2011,20100713
128_S_2036,20100817
128_S_2045,20100826
128_S_2057,20100902
128_S_2123,20101021
128_S_2130,20101102
128_S_2151,20101116
128_S_2220,20101214
128_S_2314,20110301
128_S_4553,20120220
128_S_4571,20120310
128_S_4586,20120605
128_S_4599,20120317
128_S_4603,20120407
128_S_4607,20120326
128_S_4609,20120404
128_S_4636,20120327
128_S_4653,20120418
128_S_4671,20120502
128_S_4742,20120531
128_S_4745,20120607
128_S_4772,20120613
128_S_4774,20120621
128_S_4792,20120618
128_S_4832,20120709
128_S_4842,20120713
128_S_5066,20121221
128_S_5123,20121220
129_S_0778,20060814
129_S_1204,20070215
129_S_1246,20070206
129_S_4220,20110913
129_S_4287,20121030
129_S_4371,20121128
129_S_4396,20121211
130_S_0102,20051228
130_S_0232,20060301
130_S_0285,20060322
130_S_0289,20060313
130_S_0423,20060530
130_S_0449,20060531
130_S_0460,20060518
130_S_0505,20060725
130_S_0783,20060817
130_S_0886,20061016
130_S_0956,20061106
130_S_0969,20061106
130_S_1200,20100207
130_S_1201,20070115
130_S_1290,20070207
130_S_1337,20070322
130_S_2373,20111101
130_S_2391,20111216
130_S_2403,20120126
130_S_4250,20120123
130_S_4294,20111121
130_S_4343,20111109
130_S_4352,20111115
130_S_4405,20120113
130_S_4415,20120113
130_S_4417,20120118
130_S_4468,20120201
130_S_4542,20120302
130_S_4589,20120319
130_S_4605,20120326
130_S_4641,20120404
130_S_4660,20120418
130_S_4730,20120523
130_S_4817,20120703
130_S_4883,20120810
130_S_4925,20120926
130_S_4971,20121017
130_S_4982,20121023
130_S_4984,20121017
130_S_4990,20121026
130_S_4997,20121119
130_S_5006,20121114
130_S_5059,20130206
130_S_5142,20130419
130_S_5175,20130524
130_S_5231,20130716
130_S_5258,20130718
131_S_0123,20060119
131_S_0319,20060320
131_S_0384,20060327
131_S_0409,20060425
131_S_0436,20060517
131_S_0441,20060424
131_S_0457,20060503
131_S_0497,20060607
131_S_0691,20060726
131_S_1301,20070221
131_S_1389,20070316
131_S_5138,20130402
131_S_5148,20130418
132_S_0339,20060427
132_S_0987,20070321
133_S_0433,20060503
133_S_0488,20060509
133_S_0493,20060509
133_S_0525,20060530
133_S_0629,20060623
133_S_0638,20060626
133_S_0727,20060907
133_S_0771,20060905
133_S_0792,20060825
133_S_0912,20061009
133_S_0913,20061227
133_S_1031,20061031
133_S_1055,20061113
133_S_1170,20061229
135_S_4281,20111014
135_S_4309,20111026
135_S_4356,20111110
135_S_4406,20111207
135_S_4446,20120117
135_S_4489,20120202
135_S_4566,20120307
135_S_4598,20120320
135_S_4657,20120412
135_S_4676,20120419
135_S_4689,20120427
135_S_4710,20120510
135_S_4722,20120516
135_S_4723,20120516
135_S_4863,20120801
135_S_4954,20120924
135_S_5015,20121113
135_S_5113,20130403
135_S_5269,20130726
135_S_5273,20130806
135_S_5275,20130805
136_S_0086,20060331
136_S_0107,20060217
136_S_0184,20060306
136_S_0186,20060224
136_S_0194,20060410
136_S_0195,20060313
136_S_0196,20060417
136_S_0299,20060501
136_S_0300,20060509
136_S_0426,20060516
136_S_0429,20060614
136_S_0579,20060629
136_S_0695,20060918
136_S_0873,20061002
136_S_0874,20061106
136_S_1227,20070206
136_S_4189,20110916
136_S_4269,20111031
136_S_4408,20120127
136_S_4433,20120116
136_S_4517,20120328
136_S_4726,20120605
136_S_4727,20120605
136_S_4836,20120806
136_S_4848,20121015
136_S_4932,20121022
136_S_4956,20121016
136_S_4993,20121024
137_S_0158,20060214
137_S_0283,20060315
137_S_0301,20060330
137_S_0366,20060510
137_S_0438,20060427
137_S_0443,20060615
137_S_0459,20060425
137_S_0481,20060511
137_S_0631,20060616
137_S_0668,20060807
137_S_0669,20060721
137_S_0686,20060703
137_S_0722,20060726
137_S_0796,20060821
137_S_0800,20060814
137_S_0825,20060928
137_S_0841,20060927
137_S_0972,20061204
137_S_0973,20061115
137_S_0994,20061101
137_S_1041,20061109
137_S_1414,20070801
137_S_1426,20070907
137_S_4211,20110921
137_S_4227,20110921
137_S_4258,20111011
137_S_4299,20111102
137_S_4303,20111102
137_S_4331,20111116
137_S_4351,20111202
137_S_4466,20120125
137_S_4482,20120216
137_S_4520,20120301
137_S_4536,20120222
137_S_4587,20120416
137_S_4596,20120319
137_S_4623,20120404
137_S_4631,20120430
137_S_4632,20120503
137_S_4672,20120416
137_S_4678,20120503
137_S_4756,20120531
137_S_4815,20120802
137_S_4816,20120814
137_S_4852,20120801
137_S_4862,20130722
141_S_0340,20060327
141_S_0696,20060825
141_S_0697,20060821
141_S_0717,20060827
141_S_0726,20060827
141_S_0767,20060827
141_S_0790,20060910
141_S_0810,20061017
141_S_0851,20060926
141_S_0852,20060925
141_S_0853,20060827
141_S_0915,20060706
141_S_0982,20061115
141_S_1004,20061202
141_S_1024,20061119
141_S_1051,20061228
141_S_1052,20061126
141_S_1094,20061121
141_S_1137,20061219
141_S_1152,20061226
141_S_1231,20070218
141_S_1244,20070218
141_S_1245,20070129
141_S_1255,20070203
141_S_1378,20070326
141_S_2210,20110104
141_S_2333,20110324
141_S_4053,20110524
141_S_4160,20110904
141_S_4232,20110924
141_S_4423,20111220
141_S_4426,20111202
141_S_4438,20120106
141_S_4456,20120117
141_S_4711,20120512
141_S_4803,20120623
141_S_4819,20120721
141_S_4907,20120909
141_S_4976,20121013
153_S_2109,20101005
153_S_2148,20101026
153_S_4077,20110615
153_S_4125,20110720
153_S_4133,20110728
153_S_4139,20110811
153_S_4151,20110818
153_S_4159,20110817
153_S_4165,20110817
153_S_4172,20110817
153_S_4297,20111031
153_S_4372,20111130
153_S_4621,20120328
153_S_4838,20120718
153_S_5261,20130725
153_S_5267,20130801
941_S_1194,20070120
941_S_1195,20070208
941_S_1197,20070120
941_S_1202,20070130
941_S_1203,20070129
941_S_1295,20070209
941_S_1311,20070302
941_S_1363,20070312
941_S_2060,20100908
941_S_4036,20110510
941_S_4066,20110617
941_S_4100,20110718
941_S_4187,20110622
941_S_4255,20111007
941_S_4292,20111205
941_S_4365,20111122
941_S_4376,20110601
941_S_4377,20120104
941_S_4420,20120328
941_S_4764,20120601
941_S_5124,20130409
941_S_5193,20130529
